{2017/05/18 19:45:23} [Info] PagSeguroTransactionSearchService.SearchByDate(initialDate=2016-04-01T00:00, finalDate=2016-05-20T00:00) - begin 
{2017/05/18 19:45:24} [Error] PagSeguroTransactionSearchService.SearchByDate(initialDate=2016-04-01T00:00, finalDate=2016-05-20T00:00) - end [HTTP 400] - BAD_REQUEST 0 [11046] - initialDate must not be older than 6 months.1 [11048] - search interval must be lower than or equal 30 days. 
{2017/05/18 19:46:12} [Info] PagSeguroTransactionSearchService.SearchByDate(initialDate=2017-04-21T00:00, finalDate=2017-05-20T00:00) - begin 
{2017/05/18 19:46:13} [Error] PagSeguroTransactionSearchService.SearchByDate(initialDate=2017-04-21T00:00, finalDate=2017-05-20T00:00) - end [HTTP 400] - BAD_REQUEST 0 [13009] - finalDate must be lower than allowed limit. 
{2017/05/18 19:47:00} [Info] PagSeguroTransactionSearchService.SearchByDate(initialDate=2017-04-20T00:00, finalDate=2017-05-15T00:00) - begin 
{2017/05/18 19:47:05} [Info] PagSeguroTransactionSearchService.SearchByDate(initialDate=2017-04-20T00:00, finalDate=2017-05-15T00:00) - end PagSeguroSearchResult: array (
  'Date' => '2017-05-18T14:47:01.000-03:00',
  'CurrentPage' => '1',
  'TotalPages' => '1',
  'Results in this page' => '5',
) 
{2017/05/18 19:55:00} [Info] PagSeguroTransactionSearchService.SearchByDate(initialDate=2017-04-20T00:00, finalDate=2017-05-15T00:00) - begin 
{2017/05/18 19:55:01} [Info] PagSeguroTransactionSearchService.SearchByDate(initialDate=2017-04-20T00:00, finalDate=2017-05-15T00:00) - end PagSeguroSearchResult: array (
  'Date' => '2017-05-18T14:54:58.000-03:00',
  'CurrentPage' => '1',
  'TotalPages' => '1',
  'Results in this page' => '5',
) 
{2017/05/18 19:56:25} [Info] PagSeguroTransactionSearchService.SearchByDate(initialDate=2017-04-20T00:00, finalDate=2017-05-15T00:00) - begin 
{2017/05/18 19:56:27} [Info] PagSeguroTransactionSearchService.SearchByDate(initialDate=2017-04-20T00:00, finalDate=2017-05-15T00:00) - end PagSeguroSearchResult: array (
  'Date' => '2017-05-18T14:56:24.000-03:00',
  'CurrentPage' => '1',
  'TotalPages' => '1',
  'Results in this page' => '5',
) 
{2017/05/18 20:00:35} [Info] PagSeguroTransactionSearchService.SearchByDate(initialDate=2017-04-20T00:00, finalDate=2017-05-15T00:00) - begin 
{2017/05/18 20:00:45} [Info] PagSeguroTransactionSearchService.SearchByDate(initialDate=2017-04-20T00:00, finalDate=2017-05-15T00:00) - end PagSeguroSearchResult: array (
  'Date' => '2017-05-18T15:00:42.000-03:00',
  'CurrentPage' => '1',
  'TotalPages' => '1',
  'Results in this page' => '5',
) 
{2017/05/18 20:02:17} [Info] PagSeguroTransactionSearchService.SearchByDate(initialDate=2017-04-20T00:00, finalDate=2017-05-15T00:00) - begin 
{2017/05/18 20:02:28} [Info] PagSeguroTransactionSearchService.SearchByDate(initialDate=2017-04-20T00:00, finalDate=2017-05-15T00:00) - end PagSeguroSearchResult: array (
  'Date' => '2017-05-18T15:02:23.000-03:00',
  'CurrentPage' => '1',
  'TotalPages' => '1',
  'Results in this page' => '5',
) 
{2017/05/18 20:21:58} [Info] PagSeguroTransactionSearchService.SearchByDate(initialDate=2017-04-20T00:00, finalDate=2017-05-15T00:00) - begin 
{2017/05/18 20:22:11} [Info] PagSeguroTransactionSearchService.SearchByDate(initialDate=2017-04-20T00:00, finalDate=2017-05-15T00:00) - end PagSeguroSearchResult: array (
  'Date' => '2017-05-18T15:22:07.000-03:00',
  'CurrentPage' => '1',
  'TotalPages' => '1',
  'Results in this page' => '5',
) 
{2017/05/18 20:24:26} [Info] PagSeguroTransactionSearchService.SearchByDate(initialDate=2017-04-20T00:00, finalDate=2017-05-15T00:00) - begin 
{2017/05/18 20:24:34} [Info] PagSeguroTransactionSearchService.SearchByDate(initialDate=2017-04-20T00:00, finalDate=2017-05-15T00:00) - end PagSeguroSearchResult: array (
  'Date' => '2017-05-18T15:24:31.000-03:00',
  'CurrentPage' => '1',
  'TotalPages' => '1',
  'Results in this page' => '5',
) 
{2017/05/18 20:25:23} [Info] PagSeguroTransactionSearchService.SearchByDate(initialDate=2017-04-20T00:00, finalDate=2017-05-15T00:00) - begin 
{2017/05/18 20:25:33} [Info] PagSeguroTransactionSearchService.SearchByDate(initialDate=2017-04-20T00:00, finalDate=2017-05-15T00:00) - end PagSeguroSearchResult: array (
  'Date' => '2017-05-18T15:25:29.000-03:00',
  'CurrentPage' => '1',
  'TotalPages' => '1',
  'Results in this page' => '5',
) 
{2017/05/18 20:26:56} [Info] PagSeguroTransactionSearchService.SearchByDate(initialDate=2017-04-20T00:00, finalDate=2017-05-15T00:00) - begin 
{2017/05/18 20:27:03} [Info] PagSeguroTransactionSearchService.SearchByDate(initialDate=2017-04-20T00:00, finalDate=2017-05-15T00:00) - end PagSeguroSearchResult: array (
  'Date' => '2017-05-18T15:26:59.000-03:00',
  'CurrentPage' => '1',
  'TotalPages' => '1',
  'Results in this page' => '5',
) 
{2017/05/18 20:52:38} [Info] PagSeguroTransactionSearchService.SearchByDate(initialDate=2017-04-20T00:00, finalDate=2017-05-15T00:00) - begin 
{2017/05/18 20:52:40} [Info] PagSeguroTransactionSearchService.SearchByDate(initialDate=2017-04-20T00:00, finalDate=2017-05-15T00:00) - end PagSeguroSearchResult: array (
  'Date' => '2017-05-18T15:52:37.000-03:00',
  'CurrentPage' => '1',
  'TotalPages' => '1',
  'Results in this page' => '5',
) 
{2017/05/18 21:17:27} [Info] PagSeguroTransactionSearchService.SearchByDate(initialDate=, finalDate=2017-05-15T00:00) - begin 
{2017/05/18 21:17:27} [Error] Exception: CURL can't connect: Could not resolve host: ws.pagseguro.uol.com.br 
{2017/05/18 21:17:54} [Info] PagSeguroTransactionSearchService.SearchByDate(initialDate=, finalDate=2017-05-15T00:00) - begin 
{2017/05/18 21:17:54} [Error] Exception: CURL can't connect: Could not resolve host: ws.pagseguro.uol.com.br 
{2017/05/18 21:18:36} [Info] PagSeguroTransactionSearchService.SearchByDate(initialDate=, finalDate=2017-05-15T00:00) - begin 
{2017/05/18 21:18:36} [Error] Exception: CURL can't connect: Could not resolve host: ws.pagseguro.uol.com.br 
{2017/05/18 21:18:54} [Info] PagSeguroTransactionSearchService.SearchByDate(initialDate=, finalDate=2017-05-15T00:00) - begin 
{2017/05/18 21:18:54} [Error] Exception: CURL can't connect: Could not resolve host: ws.pagseguro.uol.com.br 
{2017/05/18 21:19:30} [Info] PagSeguroTransactionSearchService.SearchByDate(initialDate=, finalDate=2017-05-15T00:00) - begin 
{2017/05/18 21:19:30} [Error] Exception: CURL can't connect: Could not resolve host: ws.pagseguro.uol.com.br 
{2017/05/18 21:21:28} [Info] PagSeguroTransactionSearchService.SearchByDate(initialDate=$teste, finalDate=2017-05-15T00:00) - begin 
{2017/05/18 21:21:28} [Error] Exception: CURL can't connect: Could not resolve host: ws.pagseguro.uol.com.br 
{2017/05/18 21:21:52} [Info] PagSeguroTransactionSearchService.SearchByDate(initialDate=$teste, finalDate=2017-05-15T00:00) - begin 
{2017/05/18 21:21:52} [Error] Exception: CURL can't connect: Could not resolve host: ws.pagseguro.uol.com.br 
{2017/05/18 21:22:00} [Info] PagSeguroTransactionSearchService.SearchByDate(initialDate=$teste, finalDate=2017-05-15T00:00) - begin 
{2017/05/18 21:22:00} [Error] Exception: CURL can't connect: Could not resolve host: ws.pagseguro.uol.com.br 
{2017/05/18 21:24:38} [Info] PagSeguroTransactionSearchService.SearchByDate(initialDate=$teste, finalDate=2017-05-15T00:00) - begin 
{2017/05/18 21:24:38} [Error] Exception: CURL can't connect: Could not resolve host: ws.pagseguro.uol.com.br 
{2017/05/18 21:24:48} [Info] PagSeguroTransactionSearchService.SearchByDate(initialDate=$teste, finalDate=2017-05-15T00:00) - begin 
{2017/05/18 21:24:48} [Error] Exception: CURL can't connect: Could not resolve host: ws.pagseguro.uol.com.br 
{2017/05/18 21:25:02} [Info] PagSeguroTransactionSearchService.SearchByDate(initialDate=$teste, finalDate=2017-05-15T00:00) - begin 
{2017/05/18 21:25:02} [Error] Exception: CURL can't connect: Could not resolve host: ws.pagseguro.uol.com.br 
{2017/05/18 21:27:34} [Info] PagSeguroTransactionSearchService.SearchByDate(initialDate=$teste, finalDate=2017-05-15T00:00) - begin 
{2017/05/18 21:27:34} [Error] Exception: CURL can't connect: Could not resolve host: ws.pagseguro.uol.com.br 
{2017/05/18 21:30:07} [Info] PagSeguroTransactionSearchService.SearchByDate(initialDate=2017-04-15T00:00, finalDate=2017-05-15T00:00) - begin 
{2017/05/18 21:30:07} [Error] Exception: CURL can't connect: Could not resolve host: ws.pagseguro.uol.com.br 
{2017/05/18 21:30:33} [Info] PagSeguroTransactionSearchService.SearchByDate(initialDate=2017-04-15T00:00, finalDate=2017-05-15T00:00) - begin 
{2017/05/18 21:30:33} [Error] Exception: CURL can't connect: Could not resolve host: ws.pagseguro.uol.com.br 
{2017/05/18 21:30:47} [Info] PagSeguroTransactionSearchService.SearchByDate(initialDate=2017-04-15T00:00, finalDate=2017-05-15T00:00) - begin 
{2017/05/18 21:30:47} [Error] Exception: CURL can't connect: Could not resolve host: ws.pagseguro.uol.com.br 
{2017/05/18 21:31:22} [Info] PagSeguroTransactionSearchService.SearchByDate(initialDate=2017-04-15T00:00, finalDate=2017-05-15T00:00) - begin 
{2017/05/18 21:31:22} [Error] Exception: CURL can't connect: Could not resolve host: ws.pagseguro.uol.com.br 
{2017/05/18 21:32:29} [Info] PagSeguroTransactionSearchService.SearchByDate(initialDate=2017-04-15T00:00, finalDate=2017-05-15T00:00) - begin 
{2017/05/18 21:32:29} [Error] Exception: CURL can't connect: Could not resolve host: ws.pagseguro.uol.com.br 
{2017/05/18 21:33:35} [Info] PagSeguroTransactionSearchService.SearchByDate(initialDate=2017-04-15T00:00, finalDate=2017-05-15T00:00) - begin 
{2017/05/18 21:33:35} [Error] Exception: CURL can't connect: Could not resolve host: ws.pagseguro.uol.com.br 
{2017/05/18 21:40:28} [Info] PagSeguroTransactionSearchService.SearchByDate(initialDate=2014-11-01T14:55, finalDate=2014-11-30T09:55) - begin 
{2017/05/18 21:40:28} [Error] Exception: CURL can't connect: Could not resolve host: ws.pagseguro.uol.com.br 
{2017/05/18 21:44:28} [Info] PagSeguroTransactionSearchService.SearchByDate(initialDate=2014-11-01T14:55, finalDate=2014-11-30T09:55) - begin 
{2017/05/18 21:44:29} [Error] PagSeguroTransactionSearchService.SearchByDate(initialDate=2014-11-01T14:55, finalDate=2014-11-30T09:55) - end [HTTP 400] - BAD_REQUEST 0 [11046] - initialDate must not be older than 6 months. 
{2017/05/18 21:49:54} [Info] PagSeguroTransactionSearchService.SearchByDate(initialDate=$teste, finalDate=2016-05-15T00:00) - begin 
{2017/05/18 21:49:55} [Error] PagSeguroTransactionSearchService.SearchByDate(initialDate=$teste, finalDate=2016-05-15T00:00) - end [HTTP 400] - BAD_REQUEST 0 [13010] - initialDate invalid format, use 'yyyy-MM-ddTHH:mm' (eg. 2010-01-27T17:25). 
{2017/05/18 21:50:45} [Info] PagSeguroTransactionSearchService.SearchByDate(initialDate=$teste, finalDate=2016-05-15T00:00) - begin 
{2017/05/18 21:50:46} [Error] PagSeguroTransactionSearchService.SearchByDate(initialDate=$teste, finalDate=2016-05-15T00:00) - end [HTTP 400] - BAD_REQUEST 0 [13010] - initialDate invalid format, use 'yyyy-MM-ddTHH:mm' (eg. 2010-01-27T17:25). 
{2017/05/18 21:51:02} [Info] PagSeguroTransactionSearchService.SearchByDate(initialDate=$teste, finalDate=2016-05-15T00:00) - begin 
{2017/05/18 21:51:03} [Error] PagSeguroTransactionSearchService.SearchByDate(initialDate=$teste, finalDate=2016-05-15T00:00) - end [HTTP 400] - BAD_REQUEST 0 [13010] - initialDate invalid format, use 'yyyy-MM-ddTHH:mm' (eg. 2010-01-27T17:25). 
{2017/05/18 21:51:51} [Info] PagSeguroTransactionSearchService.SearchByDate(initialDate=, finalDate=2016-05-15T00:00) - begin 
{2017/05/18 21:51:52} [Error] PagSeguroTransactionSearchService.SearchByDate(initialDate=, finalDate=2016-05-15T00:00) - end [HTTP 400] - BAD_REQUEST 0 [13004] - initialDate is required. 
{2017/05/18 21:53:29} [Info] PagSeguroTransactionSearchService.SearchByDate(initialDate=$teste, finalDate=2016-05-15T00:00) - begin 
{2017/05/18 21:53:30} [Error] PagSeguroTransactionSearchService.SearchByDate(initialDate=$teste, finalDate=2016-05-15T00:00) - end [HTTP 400] - BAD_REQUEST 0 [13010] - initialDate invalid format, use 'yyyy-MM-ddTHH:mm' (eg. 2010-01-27T17:25). 
{2017/05/18 21:55:07} [Info] PagSeguroTransactionSearchService.SearchByDate(initialDate=$teste, finalDate=2016-05-15T00:00) - begin 
{2017/05/18 21:55:10} [Error] PagSeguroTransactionSearchService.SearchByDate(initialDate=$teste, finalDate=2016-05-15T00:00) - end [HTTP 400] - BAD_REQUEST 0 [13010] - initialDate invalid format, use 'yyyy-MM-ddTHH:mm' (eg. 2010-01-27T17:25). 
{2017/05/18 21:57:48} [Info] PagSeguroTransactionSearchService.SearchByDate(initialDate=2016-04-16T00:00, finalDate=2016-05-15T00:00) - begin 
{2017/05/18 21:57:49} [Error] PagSeguroTransactionSearchService.SearchByDate(initialDate=2016-04-16T00:00, finalDate=2016-05-15T00:00) - end [HTTP 400] - BAD_REQUEST 0 [11046] - initialDate must not be older than 6 months. 
{2017/05/18 21:58:48} [Info] PagSeguroTransactionSearchService.SearchByDate(initialDate=2017-04-16T00:00, finalDate=2017-05-15T00:00) - begin 
{2017/05/18 21:58:50} [Info] PagSeguroTransactionSearchService.SearchByDate(initialDate=2017-04-16T00:00, finalDate=2017-05-15T00:00) - end PagSeguroSearchResult: array (
  'Date' => '2017-05-18T16:58:47.000-03:00',
  'CurrentPage' => '1',
  'TotalPages' => '1',
  'Results in this page' => '6',
) 
{2017/05/18 22:02:53} [Info] PagSeguroTransactionSearchService.SearchByDate(initialDate=2017-04-16T00:00, finalDate=2017-05-15T00:00) - begin 
{2017/05/18 22:02:56} [Info] PagSeguroTransactionSearchService.SearchByDate(initialDate=2017-04-16T00:00, finalDate=2017-05-15T00:00) - end PagSeguroSearchResult: array (
  'Date' => '2017-05-18T17:02:53.000-03:00',
  'CurrentPage' => '1',
  'TotalPages' => '1',
  'Results in this page' => '6',
) 
{2017/05/18 22:05:03} [Info] PagSeguroTransactionSearchService.SearchByDate(initialDate=2017-04-16T00:00, finalDate=2017-05-15T00:00) - begin 
{2017/05/18 22:05:04} [Info] PagSeguroTransactionSearchService.SearchByDate(initialDate=2017-04-16T00:00, finalDate=2017-05-15T00:00) - end PagSeguroSearchResult: array (
  'Date' => '2017-05-18T17:05:01.000-03:00',
  'CurrentPage' => '1',
  'TotalPages' => '1',
  'Results in this page' => '6',
) 
{2017/05/18 22:06:31} [Info] PagSeguroTransactionSearchService.SearchByDate(initialDate=2017-04-16T00:00, finalDate=2017-05-15T00:00) - begin 
{2017/05/18 22:06:32} [Info] PagSeguroTransactionSearchService.SearchByDate(initialDate=2017-04-16T00:00, finalDate=2017-05-15T00:00) - end PagSeguroSearchResult: array (
  'Date' => '2017-05-18T17:06:29.000-03:00',
  'CurrentPage' => '1',
  'TotalPages' => '1',
  'Results in this page' => '6',
) 
{2017/05/18 22:08:04} [Info] PagSeguroTransactionSearchService.SearchByDate(initialDate=2017-04-16T00:00, finalDate=2017-05-15T00:00) - begin 
{2017/05/18 22:08:08} [Info] PagSeguroTransactionSearchService.SearchByDate(initialDate=2017-04-16T00:00, finalDate=2017-05-15T00:00) - end PagSeguroSearchResult: array (
  'Date' => '2017-05-18T17:08:05.000-03:00',
  'CurrentPage' => '1',
  'TotalPages' => '1',
  'Results in this page' => '6',
) 
{2017/05/18 22:09:53} [Info] PagSeguroTransactionSearchService.SearchByDate(initialDate=2017-04-16T00:00, finalDate=2017-05-15T00:00) - begin 
{2017/05/18 22:09:57} [Info] PagSeguroTransactionSearchService.SearchByDate(initialDate=2017-04-16T00:00, finalDate=2017-05-15T00:00) - end PagSeguroSearchResult: array (
  'Date' => '2017-05-18T17:09:54.000-03:00',
  'CurrentPage' => '1',
  'TotalPages' => '1',
  'Results in this page' => '6',
) 
{2017/05/18 22:14:38} [Info] PagSeguroTransactionSearchService.SearchByDate(initialDate=2017-04-16T00:00, finalDate=2017-05-15T00:00) - begin 
{2017/05/18 22:14:39} [Info] PagSeguroTransactionSearchService.SearchByDate(initialDate=2017-04-16T00:00, finalDate=2017-05-15T00:00) - end PagSeguroSearchResult: array (
  'Date' => '2017-05-18T17:14:36.000-03:00',
  'CurrentPage' => '1',
  'TotalPages' => '1',
  'Results in this page' => '6',
) 
{2017/05/18 22:54:41} [Info] PagSeguroTransactionSearchService.SearchByDate(initialDate=2017-04-16T00:00, finalDate=2017-05-15T00:00) - begin 
{2017/05/18 22:54:42} [Info] PagSeguroTransactionSearchService.SearchByDate(initialDate=2017-04-16T00:00, finalDate=2017-05-15T00:00) - end PagSeguroSearchResult: array (
  'Date' => '2017-05-18T17:54:39.000-03:00',
  'CurrentPage' => '1',
  'TotalPages' => '1',
  'Results in this page' => '6',
) 
{2017/05/22 21:16:16} [Info] PagSeguroTransactionSearchService.SearchByDate(initialDate=2017-04-15T00:00, finalDate=2017-05-15T23:59) - begin 
{2017/05/22 21:16:17} [Info] PagSeguroTransactionSearchService.SearchByDate(initialDate=2017-04-15T00:00, finalDate=2017-05-15T23:59) - end PagSeguroSearchResult: array (
  'Date' => '2017-05-22T16:16:16.000-03:00',
  'CurrentPage' => '1',
  'TotalPages' => '1',
  'Results in this page' => '6',
) 
{2017/05/22 22:57:59} [Info] PagSeguroTransactionSearchService.SearchByDate(initialDate=, finalDate=) - begin 
{2017/05/22 22:58:00} [Error] PagSeguroTransactionSearchService.SearchByDate(initialDate=, finalDate=) - end [HTTP 401] - UNAUTHORIZED  
{2017/05/22 22:58:02} [Info] PagSeguroTransactionSearchService.SearchByDate(initialDate=2017-04-15T00:00, finalDate=2017-05-15T23:59) - begin 
{2017/05/22 22:58:02} [Error] PagSeguroTransactionSearchService.SearchByDate(initialDate=2017-04-15T00:00, finalDate=2017-05-15T23:59) - end [HTTP 401] - UNAUTHORIZED  
{2017/05/22 22:58:06} [Info] PagSeguroTransactionSearchService.SearchByDate(initialDate=2017-04-15T00:00, finalDate=2017-05-15T23:59) - begin 
{2017/05/22 22:58:07} [Error] PagSeguroTransactionSearchService.SearchByDate(initialDate=2017-04-15T00:00, finalDate=2017-05-15T23:59) - end [HTTP 401] - UNAUTHORIZED  
{2017/05/22 22:58:32} [Info] PagSeguroTransactionSearchService.SearchByDate(initialDate=2017-04-15T00:00, finalDate=2017-05-15T23:59) - begin 
{2017/05/22 22:58:32} [Error] PagSeguroTransactionSearchService.SearchByDate(initialDate=2017-04-15T00:00, finalDate=2017-05-15T23:59) - end [HTTP 401] - UNAUTHORIZED  
{2017/05/22 22:58:58} [Info] PagSeguroTransactionSearchService.SearchByDate(initialDate=2017-04-15T00:00, finalDate=2017-05-15T23:59) - begin 
{2017/05/22 22:58:58} [Error] PagSeguroTransactionSearchService.SearchByDate(initialDate=2017-04-15T00:00, finalDate=2017-05-15T23:59) - end [HTTP 401] - UNAUTHORIZED  
{2017/05/26 04:25:30} [Info] PagSeguroTransactionSearchService.SearchByDate(initialDate=, finalDate=) - begin 
{2017/05/26 04:25:31} [Error] PagSeguroTransactionSearchService.SearchByDate(initialDate=, finalDate=) - end [HTTP 401] - UNAUTHORIZED  
{2017/05/26 04:29:01} [Info] PagSeguroTransactionSearchService.SearchByDate(initialDate=, finalDate=) - begin 
{2017/05/26 04:29:02} [Error] PagSeguroTransactionSearchService.SearchByDate(initialDate=, finalDate=) - end [HTTP 400] - BAD_REQUEST 0 [13004] - initialDate is required. 
{2017/05/26 04:31:35} [Info] PagSeguroTransactionSearchService.SearchByDate(initialDate=1970-01-01T04:31:35, finalDate=2017-05-26T04:31:35) - begin 
{2017/05/26 04:31:36} [Error] PagSeguroTransactionSearchService.SearchByDate(initialDate=1970-01-01T04:31:35, finalDate=2017-05-26T04:31:35) - end [HTTP 401] - UNAUTHORIZED  
{2017/05/26 04:31:42} [Info] PagSeguroTransactionSearchService.SearchByDate(initialDate=1970-01-01T04:31:42, finalDate=2017-05-26T04:31:42) - begin 
{2017/05/26 04:31:42} [Error] PagSeguroTransactionSearchService.SearchByDate(initialDate=1970-01-01T04:31:42, finalDate=2017-05-26T04:31:42) - end [HTTP 400] - BAD_REQUEST 0 [11048] - search interval must be lower than or equal 30 days.1 [13009] - finalDate must be lower than allowed limit.2 [11046] - initialDate must not be older than 6 months. 
{2017/05/26 04:32:21} [Info] PagSeguroTransactionSearchService.SearchByDate(initialDate=2016-11-26T04:32:21, finalDate=2017-05-26T04:32:21) - begin 
{2017/05/26 04:32:22} [Error] PagSeguroTransactionSearchService.SearchByDate(initialDate=2016-11-26T04:32:21, finalDate=2017-05-26T04:32:21) - end [HTTP 400] - BAD_REQUEST 0 [11048] - search interval must be lower than or equal 30 days.1 [13009] - finalDate must be lower than allowed limit. 
{2017/05/26 04:32:27} [Info] PagSeguroTransactionSearchService.SearchByDate(initialDate=2016-11-26T04:32:27, finalDate=2017-05-26T04:32:27) - begin 
{2017/05/26 04:32:28} [Error] PagSeguroTransactionSearchService.SearchByDate(initialDate=2016-11-26T04:32:27, finalDate=2017-05-26T04:32:27) - end [HTTP 400] - BAD_REQUEST 0 [13009] - finalDate must be lower than allowed limit.1 [11048] - search interval must be lower than or equal 30 days. 
{2017/05/26 04:32:34} [Info] PagSeguroTransactionSearchService.SearchByDate(initialDate=2016-11-26T04:32:34, finalDate=2017-05-26T04:32:34) - begin 
{2017/05/26 04:32:35} [Error] PagSeguroTransactionSearchService.SearchByDate(initialDate=2016-11-26T04:32:34, finalDate=2017-05-26T04:32:34) - end [HTTP 400] - BAD_REQUEST 0 [13009] - finalDate must be lower than allowed limit.1 [11048] - search interval must be lower than or equal 30 days. 
{2017/05/26 04:33:01} [Info] PagSeguroTransactionSearchService.SearchByDate(initialDate=2017-05-06T04:33:01, finalDate=2017-05-26T04:33:01) - begin 
{2017/05/26 04:33:01} [Error] PagSeguroTransactionSearchService.SearchByDate(initialDate=2017-05-06T04:33:01, finalDate=2017-05-26T04:33:01) - end [HTTP 400] - BAD_REQUEST 0 [13009] - finalDate must be lower than allowed limit. 
{2017/05/25 23:35:47} [Info] PagSeguroTransactionSearchService.SearchByDate(initialDate=2017-05-05T23:35:47, finalDate=2017-05-25T23:35:47) - begin 
{2017/05/25 23:35:48} [Info] PagSeguroTransactionSearchService.SearchByDate(initialDate=2017-05-05T23:35:47, finalDate=2017-05-25T23:35:47) - end PagSeguroSearchResult: array (
  'Date' => '2017-05-25T23:35:48.000-03:00',
  'CurrentPage' => '1',
  'TotalPages' => '1',
  'Results in this page' => '1',
) 
{2017/05/25 23:35:50} [Info] PagSeguroTransactionSearchService.SearchByDate(initialDate=2017-05-05T23:35:50, finalDate=2017-05-25T23:35:50) - begin 
{2017/05/25 23:35:50} [Info] PagSeguroTransactionSearchService.SearchByDate(initialDate=2017-05-05T23:35:50, finalDate=2017-05-25T23:35:50) - end PagSeguroSearchResult: array (
  'Date' => '2017-05-25T23:35:50.000-03:00',
  'CurrentPage' => '1',
  'TotalPages' => '1',
  'Results in this page' => '1',
) 
{2017/05/25 23:36:00} [Info] PagSeguroTransactionSearchService.SearchByDate(initialDate=2017-05-05T23:36:00, finalDate=2017-05-25T23:36:00) - begin 
{2017/05/25 23:36:00} [Error] PagSeguroTransactionSearchService.SearchByDate(initialDate=2017-05-05T23:36:00, finalDate=2017-05-25T23:36:00) - end [HTTP 401] - UNAUTHORIZED  
{2017/05/25 23:36:13} [Info] PagSeguroTransactionSearchService.SearchByDate(initialDate=2017-05-05T23:36:13, finalDate=2017-05-25T23:36:13) - begin 
{2017/05/25 23:36:13} [Info] PagSeguroTransactionSearchService.SearchByDate(initialDate=2017-05-05T23:36:13, finalDate=2017-05-25T23:36:13) - end PagSeguroSearchResult: array (
  'Date' => '2017-05-25T23:36:13.000-03:00',
  'CurrentPage' => '1',
  'TotalPages' => '1',
  'Results in this page' => '1',
) 
{2017/05/25 23:41:58} [Info] PagSeguroTransactionSearchService.SearchByDate(initialDate=2017-05-05T23:41:58, finalDate=2017-05-25T23:41:58) - begin 
{2017/05/25 23:41:59} [Info] PagSeguroTransactionSearchService.SearchByDate(initialDate=2017-05-05T23:41:58, finalDate=2017-05-25T23:41:58) - end PagSeguroSearchResult: array (
  'Date' => '2017-05-25T23:41:59.000-03:00',
  'CurrentPage' => '1',
  'TotalPages' => '1',
  'Results in this page' => '1',
) 
{2017/05/25 23:44:21} [Info] PagSeguroTransactionSearchService.SearchByDate(initialDate=2017-05-05T23:44:21, finalDate=2017-05-25T23:44:21) - begin 
{2017/05/25 23:44:22} [Info] PagSeguroTransactionSearchService.SearchByDate(initialDate=2017-05-05T23:44:21, finalDate=2017-05-25T23:44:21) - end PagSeguroSearchResult: array (
  'Date' => '2017-05-25T23:44:22.000-03:00',
  'CurrentPage' => '1',
  'TotalPages' => '1',
  'Results in this page' => '1',
) 
{2017/05/25 23:44:46} [Info] PagSeguroTransactionSearchService.SearchByDate(initialDate=2017-05-05T23:44:46, finalDate=2017-05-25T23:44:46) - begin 
{2017/05/25 23:44:47} [Info] PagSeguroTransactionSearchService.SearchByDate(initialDate=2017-05-05T23:44:46, finalDate=2017-05-25T23:44:46) - end PagSeguroSearchResult: array (
  'Date' => '2017-05-25T23:44:47.000-03:00',
  'CurrentPage' => '1',
  'TotalPages' => '1',
  'Results in this page' => '1',
) 
{2017/05/25 23:46:39} [Info] PagSeguroTransactionSearchService.SearchByDate(initialDate=2017-05-05T23:46:39, finalDate=2017-05-25T23:46:39) - begin 
{2017/05/25 23:46:39} [Info] PagSeguroTransactionSearchService.SearchByDate(initialDate=2017-05-05T23:46:39, finalDate=2017-05-25T23:46:39) - end PagSeguroSearchResult: array (
  'Date' => '2017-05-25T23:46:39.000-03:00',
  'CurrentPage' => '1',
  'TotalPages' => '1',
  'Results in this page' => '1',
) 
{2017/05/25 23:46:41} [Info] PagSeguroTransactionSearchService.SearchByDate(initialDate=2017-05-05T23:46:41, finalDate=2017-05-25T23:46:41) - begin 
{2017/05/25 23:46:42} [Info] PagSeguroTransactionSearchService.SearchByDate(initialDate=2017-05-05T23:46:41, finalDate=2017-05-25T23:46:41) - end PagSeguroSearchResult: array (
  'Date' => '2017-05-25T23:46:42.000-03:00',
  'CurrentPage' => '1',
  'TotalPages' => '1',
  'Results in this page' => '1',
) 
{2017/05/25 23:46:47} [Info] PagSeguroTransactionSearchService.SearchByDate(initialDate=2017-05-05T23:46:47, finalDate=2017-05-25T23:46:47) - begin 
{2017/05/25 23:46:48} [Info] PagSeguroTransactionSearchService.SearchByDate(initialDate=2017-05-05T23:46:47, finalDate=2017-05-25T23:46:47) - end PagSeguroSearchResult: array (
  'Date' => '2017-05-25T23:46:48.000-03:00',
  'CurrentPage' => '1',
  'TotalPages' => '1',
  'Results in this page' => '1',
) 
{2017/05/25 23:46:50} [Info] PagSeguroTransactionSearchService.SearchByDate(initialDate=2017-05-05T23:46:50, finalDate=2017-05-25T23:46:50) - begin 
{2017/05/25 23:46:50} [Info] PagSeguroTransactionSearchService.SearchByDate(initialDate=2017-05-05T23:46:50, finalDate=2017-05-25T23:46:50) - end PagSeguroSearchResult: array (
  'Date' => '2017-05-25T23:46:50.000-03:00',
  'CurrentPage' => '1',
  'TotalPages' => '1',
  'Results in this page' => '1',
) 
{2017/05/25 23:47:31} [Info] PagSeguroTransactionSearchService.SearchByDate(initialDate=2017-05-05T23:47:31, finalDate=2017-05-25T23:47:31) - begin 
{2017/05/25 23:47:32} [Info] PagSeguroTransactionSearchService.SearchByDate(initialDate=2017-05-05T23:47:31, finalDate=2017-05-25T23:47:31) - end PagSeguroSearchResult: array (
  'Date' => '2017-05-25T23:47:32.000-03:00',
  'CurrentPage' => '1',
  'TotalPages' => '1',
  'Results in this page' => '1',
) 
{2017/05/25 23:47:53} [Info] PagSeguroTransactionSearchService.SearchByDate(initialDate=2017-05-05T23:47:53, finalDate=2017-05-25T23:47:53) - begin 
{2017/05/25 23:47:54} [Info] PagSeguroTransactionSearchService.SearchByDate(initialDate=2017-05-05T23:47:53, finalDate=2017-05-25T23:47:53) - end PagSeguroSearchResult: array (
  'Date' => '2017-05-25T23:47:54.000-03:00',
  'CurrentPage' => '1',
  'TotalPages' => '1',
  'Results in this page' => '1',
) 
{2017/05/25 23:48:13} [Info] PagSeguroTransactionSearchService.SearchByDate(initialDate=2017-05-05T23:48:13, finalDate=2017-05-25T23:48:13) - begin 
{2017/05/25 23:48:13} [Info] PagSeguroTransactionSearchService.SearchByDate(initialDate=2017-05-05T23:48:13, finalDate=2017-05-25T23:48:13) - end PagSeguroSearchResult: array (
  'Date' => '2017-05-25T23:48:13.000-03:00',
  'CurrentPage' => '1',
  'TotalPages' => '1',
  'Results in this page' => '1',
) 
{2017/05/25 23:49:11} [Info] PagSeguroTransactionSearchService.SearchByDate(initialDate=2017-05-05T23:49:11, finalDate=2017-05-25T23:49:11) - begin 
{2017/05/25 23:49:12} [Info] PagSeguroTransactionSearchService.SearchByDate(initialDate=2017-05-05T23:49:11, finalDate=2017-05-25T23:49:11) - end PagSeguroSearchResult: array (
  'Date' => '2017-05-25T23:49:12.000-03:00',
  'CurrentPage' => '1',
  'TotalPages' => '1',
  'Results in this page' => '1',
) 
{2017/05/25 23:49:41} [Info] PagSeguroTransactionSearchService.SearchByDate(initialDate=2017-05-05T23:49:41, finalDate=2017-05-25T23:49:41) - begin 
{2017/05/25 23:49:42} [Info] PagSeguroTransactionSearchService.SearchByDate(initialDate=2017-05-05T23:49:41, finalDate=2017-05-25T23:49:41) - end PagSeguroSearchResult: array (
  'Date' => '2017-05-25T23:49:42.000-03:00',
  'CurrentPage' => '1',
  'TotalPages' => '1',
  'Results in this page' => '1',
) 
{2017/05/25 23:51:15} [Info] PagSeguroTransactionSearchService.SearchByDate(initialDate=2017-05-05T23:51:15, finalDate=2017-05-25T23:51:15) - begin 
{2017/05/25 23:51:16} [Info] PagSeguroTransactionSearchService.SearchByDate(initialDate=2017-05-05T23:51:15, finalDate=2017-05-25T23:51:15) - end PagSeguroSearchResult: array (
  'Date' => '2017-05-25T23:51:16.000-03:00',
  'CurrentPage' => '1',
  'TotalPages' => '1',
  'Results in this page' => '1',
) 
{2017/05/25 23:57:06} [Info] PagSeguroTransactionSearchService.SearchByDate(initialDate=2017-05-05T23:57:06, finalDate=2017-05-25T23:57:06) - begin 
{2017/05/25 23:57:07} [Info] PagSeguroTransactionSearchService.SearchByDate(initialDate=2017-05-05T23:57:06, finalDate=2017-05-25T23:57:06) - end PagSeguroSearchResult: array (
  'Date' => '2017-05-25T23:57:07.000-03:00',
  'CurrentPage' => '1',
  'TotalPages' => '1',
  'Results in this page' => '1',
) 
{2017/05/25 23:57:50} [Info] PagSeguroTransactionSearchService.SearchByDate(initialDate=2017-05-05T23:57:50, finalDate=2017-05-25T23:57:50) - begin 
{2017/05/25 23:57:51} [Info] PagSeguroTransactionSearchService.SearchByDate(initialDate=2017-05-05T23:57:50, finalDate=2017-05-25T23:57:50) - end PagSeguroSearchResult: array (
  'Date' => '2017-05-25T23:57:51.000-03:00',
  'CurrentPage' => '1',
  'TotalPages' => '1',
  'Results in this page' => '1',
) 
{2017/05/25 23:57:57} [Info] PagSeguroTransactionSearchService.SearchByDate(initialDate=2017-05-05T23:57:57, finalDate=2017-05-25T23:57:57) - begin 
{2017/05/25 23:57:57} [Info] PagSeguroTransactionSearchService.SearchByDate(initialDate=2017-05-05T23:57:57, finalDate=2017-05-25T23:57:57) - end PagSeguroSearchResult: array (
  'Date' => '2017-05-25T23:57:57.000-03:00',
  'CurrentPage' => '1',
  'TotalPages' => '1',
  'Results in this page' => '1',
) 
{2017/05/25 23:58:21} [Info] PagSeguroTransactionSearchService.SearchByDate(initialDate=2017-05-05T23:58:21, finalDate=2017-05-25T23:58:21) - begin 
{2017/05/25 23:58:22} [Info] PagSeguroTransactionSearchService.SearchByDate(initialDate=2017-05-05T23:58:21, finalDate=2017-05-25T23:58:21) - end PagSeguroSearchResult: array (
  'Date' => '2017-05-25T23:58:22.000-03:00',
  'CurrentPage' => '1',
  'TotalPages' => '1',
  'Results in this page' => '1',
) 
{2017/05/25 23:58:36} [Info] PagSeguroTransactionSearchService.SearchByDate(initialDate=2017-05-05T23:58:36, finalDate=2017-05-25T23:58:36) - begin 
{2017/05/25 23:58:37} [Info] PagSeguroTransactionSearchService.SearchByDate(initialDate=2017-05-05T23:58:36, finalDate=2017-05-25T23:58:36) - end PagSeguroSearchResult: array (
  'Date' => '2017-05-25T23:58:37.000-03:00',
  'CurrentPage' => '1',
  'TotalPages' => '1',
  'Results in this page' => '1',
) 
{2017/05/25 23:58:47} [Info] PagSeguroTransactionSearchService.SearchByDate(initialDate=2017-05-05T23:58:47, finalDate=2017-05-25T23:58:47) - begin 
{2017/05/25 23:58:48} [Info] PagSeguroTransactionSearchService.SearchByDate(initialDate=2017-05-05T23:58:47, finalDate=2017-05-25T23:58:47) - end PagSeguroSearchResult: array (
  'Date' => '2017-05-25T23:58:48.000-03:00',
  'CurrentPage' => '1',
  'TotalPages' => '1',
  'Results in this page' => '1',
) 
{2017/05/26 10:19:58} [Info] PagSeguroTransactionSearchService.SearchByDate(initialDate=2017-05-06T10:19:58, finalDate=2017-05-26T10:19:58) - begin 
{2017/05/26 10:19:58} [Info] PagSeguroTransactionSearchService.SearchByDate(initialDate=2017-05-06T10:19:58, finalDate=2017-05-26T10:19:58) - end PagSeguroSearchResult: array (
  'Date' => '2017-05-26T10:19:57.000-03:00',
  'CurrentPage' => '1',
  'TotalPages' => '1',
  'Results in this page' => '1',
) 
{2017/05/26 10:25:50} [Info] PagSeguroTransactionSearchService.SearchByDate(initialDate=2016-11-26T10:25:50, finalDate=2017-05-26T10:25:50) - begin 
{2017/05/26 10:25:51} [Error] PagSeguroTransactionSearchService.SearchByDate(initialDate=2016-11-26T10:25:50, finalDate=2017-05-26T10:25:50) - end [HTTP 400] - BAD_REQUEST 0 [11046] - initialDate must not be older than 6 months.1 [11048] - search interval must be lower than or equal 30 days. 
{2017/05/26 10:25:58} [Info] PagSeguroTransactionSearchService.SearchByDate(initialDate=2016-11-26T10:25:58, finalDate=2017-05-26T10:25:58) - begin 
{2017/05/26 10:25:58} [Error] PagSeguroTransactionSearchService.SearchByDate(initialDate=2016-11-26T10:25:58, finalDate=2017-05-26T10:25:58) - end [HTTP 400] - BAD_REQUEST 0 [11046] - initialDate must not be older than 6 months.1 [11048] - search interval must be lower than or equal 30 days. 
{2017/05/26 10:26:01} [Info] PagSeguroTransactionSearchService.SearchByDate(initialDate=2016-11-26T10:26:01, finalDate=2017-05-26T10:26:01) - begin 
{2017/05/26 10:26:01} [Error] PagSeguroTransactionSearchService.SearchByDate(initialDate=2016-11-26T10:26:01, finalDate=2017-05-26T10:26:01) - end [HTTP 400] - BAD_REQUEST 0 [11046] - initialDate must not be older than 6 months.1 [11048] - search interval must be lower than or equal 30 days. 
{2017/05/26 10:26:18} [Info] PagSeguroTransactionSearchService.SearchByDate(initialDate=2017-04-26T10:26:18, finalDate=2017-05-26T10:26:18) - begin 
{2017/05/26 10:26:19} [Info] PagSeguroTransactionSearchService.SearchByDate(initialDate=2017-04-26T10:26:18, finalDate=2017-05-26T10:26:18) - end PagSeguroSearchResult: array (
  'Date' => '2017-05-26T10:26:17.000-03:00',
  'CurrentPage' => '1',
  'TotalPages' => '1',
  'Results in this page' => '1',
) 
{2017/05/26 10:26:21} [Info] PagSeguroTransactionSearchService.SearchByDate(initialDate=2017-04-26T10:26:21, finalDate=2017-05-26T10:26:21) - begin 
{2017/05/26 10:26:21} [Info] PagSeguroTransactionSearchService.SearchByDate(initialDate=2017-04-26T10:26:21, finalDate=2017-05-26T10:26:21) - end PagSeguroSearchResult: array (
  'Date' => '2017-05-26T10:26:20.000-03:00',
  'CurrentPage' => '1',
  'TotalPages' => '1',
  'Results in this page' => '1',
) 
{2017/05/26 10:26:23} [Info] PagSeguroTransactionSearchService.SearchByDate(initialDate=2017-04-26T10:26:23, finalDate=2017-05-26T10:26:23) - begin 
{2017/05/26 10:26:24} [Info] PagSeguroTransactionSearchService.SearchByDate(initialDate=2017-04-26T10:26:23, finalDate=2017-05-26T10:26:23) - end PagSeguroSearchResult: array (
  'Date' => '2017-05-26T10:26:22.000-03:00',
  'CurrentPage' => '1',
  'TotalPages' => '1',
  'Results in this page' => '1',
) 
{2017/05/26 10:26:33} [Info] PagSeguroTransactionSearchService.SearchByDate(initialDate=2017-04-25T10:26:33, finalDate=2017-05-26T10:26:33) - begin 
{2017/05/26 10:26:33} [Info] PagSeguroTransactionSearchService.SearchByDate(initialDate=2017-04-25T10:26:33, finalDate=2017-05-26T10:26:33) - end PagSeguroSearchResult: array (
  'Date' => '2017-05-26T10:26:32.000-03:00',
  'CurrentPage' => '1',
  'TotalPages' => '1',
  'Results in this page' => '1',
) 
{2017/05/26 10:26:38} [Info] PagSeguroTransactionSearchService.SearchByDate(initialDate=2017-04-25T10:26:38, finalDate=2017-05-26T10:26:38) - begin 
{2017/05/26 10:26:39} [Info] PagSeguroTransactionSearchService.SearchByDate(initialDate=2017-04-25T10:26:38, finalDate=2017-05-26T10:26:38) - end PagSeguroSearchResult: array (
  'Date' => '2017-05-26T10:26:37.000-03:00',
  'CurrentPage' => '1',
  'TotalPages' => '1',
  'Results in this page' => '1',
) 
{2017/05/26 10:40:31} [Info] PagSeguroTransactionSearchService.SearchByDate(initialDate=2017-04-26T10:40:31, finalDate=2017-05-26T10:40:31) - begin 
{2017/05/26 10:40:32} [Info] PagSeguroTransactionSearchService.SearchByDate(initialDate=2017-04-26T10:40:31, finalDate=2017-05-26T10:40:31) - end PagSeguroSearchResult: array (
  'Date' => '2017-05-26T10:40:31.000-03:00',
  'CurrentPage' => '1',
  'TotalPages' => '1',
  'Results in this page' => '1',
) 
{2017/05/26 10:40:34} [Info] PagSeguroTransactionSearchService.SearchByDate(initialDate=2017-04-26T10:40:34, finalDate=2017-05-26T10:40:34) - begin 
{2017/05/26 10:40:35} [Info] PagSeguroTransactionSearchService.SearchByDate(initialDate=2017-04-26T10:40:34, finalDate=2017-05-26T10:40:34) - end PagSeguroSearchResult: array (
  'Date' => '2017-05-26T10:40:33.000-03:00',
  'CurrentPage' => '1',
  'TotalPages' => '1',
  'Results in this page' => '1',
) 
{2017/05/26 10:41:20} [Info] PagSeguroTransactionSearchService.SearchByDate(initialDate=2017-04-26T10:41:20, finalDate=2017-05-26T10:41:20) - begin 
{2017/05/26 10:41:21} [Info] PagSeguroTransactionSearchService.SearchByDate(initialDate=2017-04-26T10:41:20, finalDate=2017-05-26T10:41:20) - end PagSeguroSearchResult: array (
  'Date' => '2017-05-26T10:41:20.000-03:00',
  'CurrentPage' => '1',
  'TotalPages' => '1',
  'Results in this page' => '1',
) 
{2017/05/26 10:41:29} [Info] PagSeguroTransactionSearchService.SearchByDate(initialDate=2017-04-26T10:41:29, finalDate=2017-05-26T10:41:29) - begin 
{2017/05/26 10:41:30} [Info] PagSeguroTransactionSearchService.SearchByDate(initialDate=2017-04-26T10:41:29, finalDate=2017-05-26T10:41:29) - end PagSeguroSearchResult: array (
  'Date' => '2017-05-26T10:41:28.000-03:00',
  'CurrentPage' => '1',
  'TotalPages' => '1',
  'Results in this page' => '1',
) 
{2017/05/26 10:42:17} [Info] PagSeguroTransactionSearchService.SearchByDate(initialDate=2017-04-26T10:42:17, finalDate=2017-05-26T10:42:17) - begin 
{2017/05/26 10:42:18} [Info] PagSeguroTransactionSearchService.SearchByDate(initialDate=2017-04-26T10:42:17, finalDate=2017-05-26T10:42:17) - end PagSeguroSearchResult: array (
  'Date' => '2017-05-26T10:42:16.000-03:00',
  'CurrentPage' => '1',
  'TotalPages' => '1',
  'Results in this page' => '1',
) 
{2017/05/26 10:42:46} [Info] PagSeguroTransactionSearchService.SearchByDate(initialDate=2017-04-26T10:42:46, finalDate=2017-05-26T10:42:46) - begin 
{2017/05/26 10:42:46} [Info] PagSeguroTransactionSearchService.SearchByDate(initialDate=2017-04-26T10:42:46, finalDate=2017-05-26T10:42:46) - end PagSeguroSearchResult: array (
  'Date' => '2017-05-26T10:42:45.000-03:00',
  'CurrentPage' => '1',
  'TotalPages' => '1',
  'Results in this page' => '1',
) 
{2017/05/26 10:42:59} [Info] PagSeguroTransactionSearchService.SearchByDate(initialDate=2017-04-26T10:42:59, finalDate=2017-05-26T10:42:59) - begin 
{2017/05/26 10:43:00} [Info] PagSeguroTransactionSearchService.SearchByDate(initialDate=2017-04-26T10:42:59, finalDate=2017-05-26T10:42:59) - end PagSeguroSearchResult: array (
  'Date' => '2017-05-26T10:42:58.000-03:00',
  'CurrentPage' => '1',
  'TotalPages' => '1',
  'Results in this page' => '1',
) 
{2017/05/26 10:53:32} [Info] PagSeguroTransactionSearchService.SearchByDate(initialDate=2017-04-26T10:53:32, finalDate=2017-05-26T10:53:32) - begin 
{2017/05/26 10:53:33} [Info] PagSeguroTransactionSearchService.SearchByDate(initialDate=2017-04-26T10:53:32, finalDate=2017-05-26T10:53:32) - end PagSeguroSearchResult: array (
  'Date' => '2017-05-26T10:53:31.000-03:00',
  'CurrentPage' => '1',
  'TotalPages' => '1',
  'Results in this page' => '1',
) 
{2017/05/26 10:53:33} [Info] PagSeguroTransactionSearchService.SearchByCode(FF75DDE0-B2C1-4F00-BE5C-7474F641FA39) - begin 
{2017/05/26 10:53:33} [Info] PagSeguroTransactionSearchService.SearchByCode(transactionCode=FF75DDE0-B2C1-4F00-BE5C-7474F641FA39) - end Transaction: array (
  'code' => 'FF75DDE0-B2C1-4F00-BE5C-7474F641FA39',
  'email' => 'andre.ribeiro@engnetconsultoria.com.br',
  'date' => '2017-05-10T19:57:51.000-03:00',
  'reference' => NULL,
  'status' => '7',
  'itemsCount' => 1,
) 
{2017/05/26 10:53:36} [Info] PagSeguroTransactionSearchService.SearchByDate(initialDate=2017-04-26T10:53:36, finalDate=2017-05-26T10:53:36) - begin 
{2017/05/26 10:53:36} [Info] PagSeguroTransactionSearchService.SearchByDate(initialDate=2017-04-26T10:53:36, finalDate=2017-05-26T10:53:36) - end PagSeguroSearchResult: array (
  'Date' => '2017-05-26T10:53:35.000-03:00',
  'CurrentPage' => '1',
  'TotalPages' => '1',
  'Results in this page' => '1',
) 
{2017/05/26 10:53:36} [Info] PagSeguroTransactionSearchService.SearchByCode(FF75DDE0-B2C1-4F00-BE5C-7474F641FA39) - begin 
{2017/05/26 10:53:37} [Info] PagSeguroTransactionSearchService.SearchByCode(transactionCode=FF75DDE0-B2C1-4F00-BE5C-7474F641FA39) - end Transaction: array (
  'code' => 'FF75DDE0-B2C1-4F00-BE5C-7474F641FA39',
  'email' => 'andre.ribeiro@engnetconsultoria.com.br',
  'date' => '2017-05-10T19:57:51.000-03:00',
  'reference' => NULL,
  'status' => '7',
  'itemsCount' => 1,
) 
{2017/05/26 10:53:46} [Info] PagSeguroTransactionSearchService.SearchByDate(initialDate=2017-04-26T10:53:46, finalDate=2017-05-26T10:53:46) - begin 
{2017/05/26 10:53:46} [Info] PagSeguroTransactionSearchService.SearchByDate(initialDate=2017-04-26T10:53:46, finalDate=2017-05-26T10:53:46) - end PagSeguroSearchResult: array (
  'Date' => '2017-05-26T10:53:45.000-03:00',
  'CurrentPage' => '1',
  'TotalPages' => '1',
  'Results in this page' => '1',
) 
{2017/05/26 10:53:46} [Info] PagSeguroTransactionSearchService.SearchByCode(FF75DDE0-B2C1-4F00-BE5C-7474F641FA39) - begin 
{2017/05/26 10:53:47} [Info] PagSeguroTransactionSearchService.SearchByCode(transactionCode=FF75DDE0-B2C1-4F00-BE5C-7474F641FA39) - end Transaction: array (
  'code' => 'FF75DDE0-B2C1-4F00-BE5C-7474F641FA39',
  'email' => 'andre.ribeiro@engnetconsultoria.com.br',
  'date' => '2017-05-10T19:57:51.000-03:00',
  'reference' => NULL,
  'status' => '7',
  'itemsCount' => 1,
) 
{2017/05/26 10:53:57} [Info] PagSeguroTransactionSearchService.SearchByDate(initialDate=2017-04-26T10:53:57, finalDate=2017-05-26T10:53:57) - begin 
{2017/05/26 10:53:57} [Info] PagSeguroTransactionSearchService.SearchByDate(initialDate=2017-04-26T10:53:57, finalDate=2017-05-26T10:53:57) - end PagSeguroSearchResult: array (
  'Date' => '2017-05-26T10:53:56.000-03:00',
  'CurrentPage' => '1',
  'TotalPages' => '1',
  'Results in this page' => '1',
) 
{2017/05/26 10:53:57} [Info] PagSeguroTransactionSearchService.SearchByCode(FF75DDE0-B2C1-4F00-BE5C-7474F641FA39) - begin 
{2017/05/26 10:53:58} [Info] PagSeguroTransactionSearchService.SearchByCode(transactionCode=FF75DDE0-B2C1-4F00-BE5C-7474F641FA39) - end Transaction: array (
  'code' => 'FF75DDE0-B2C1-4F00-BE5C-7474F641FA39',
  'email' => 'andre.ribeiro@engnetconsultoria.com.br',
  'date' => '2017-05-10T19:57:51.000-03:00',
  'reference' => NULL,
  'status' => '7',
  'itemsCount' => 1,
) 
{2017/05/26 10:55:01} [Info] PagSeguroTransactionSearchService.SearchByDate(initialDate=2017-04-26T10:55:01, finalDate=2017-05-26T10:55:01) - begin 
{2017/05/26 10:55:02} [Info] PagSeguroTransactionSearchService.SearchByDate(initialDate=2017-04-26T10:55:01, finalDate=2017-05-26T10:55:01) - end PagSeguroSearchResult: array (
  'Date' => '2017-05-26T10:55:01.000-03:00',
  'CurrentPage' => '1',
  'TotalPages' => '1',
  'Results in this page' => '1',
) 
{2017/05/26 10:55:02} [Info] PagSeguroTransactionSearchService.SearchByCode(FF75DDE0-B2C1-4F00-BE5C-7474F641FA39) - begin 
{2017/05/26 10:55:02} [Info] PagSeguroTransactionSearchService.SearchByCode(transactionCode=FF75DDE0-B2C1-4F00-BE5C-7474F641FA39) - end Transaction: array (
  'code' => 'FF75DDE0-B2C1-4F00-BE5C-7474F641FA39',
  'email' => 'andre.ribeiro@engnetconsultoria.com.br',
  'date' => '2017-05-10T19:57:51.000-03:00',
  'reference' => NULL,
  'status' => '7',
  'itemsCount' => 1,
) 
{2017/05/26 10:55:16} [Info] PagSeguroTransactionSearchService.SearchByDate(initialDate=2017-04-26T10:55:16, finalDate=2017-05-26T10:55:16) - begin 
{2017/05/26 10:55:16} [Info] PagSeguroTransactionSearchService.SearchByDate(initialDate=2017-04-26T10:55:16, finalDate=2017-05-26T10:55:16) - end PagSeguroSearchResult: array (
  'Date' => '2017-05-26T10:55:15.000-03:00',
  'CurrentPage' => '1',
  'TotalPages' => '1',
  'Results in this page' => '1',
) 
{2017/05/26 10:55:16} [Info] PagSeguroTransactionSearchService.SearchByCode(FF75DDE0-B2C1-4F00-BE5C-7474F641FA39) - begin 
{2017/05/26 10:55:17} [Info] PagSeguroTransactionSearchService.SearchByCode(transactionCode=FF75DDE0-B2C1-4F00-BE5C-7474F641FA39) - end Transaction: array (
  'code' => 'FF75DDE0-B2C1-4F00-BE5C-7474F641FA39',
  'email' => 'andre.ribeiro@engnetconsultoria.com.br',
  'date' => '2017-05-10T19:57:51.000-03:00',
  'reference' => NULL,
  'status' => '7',
  'itemsCount' => 1,
) 
{2017/05/26 10:55:36} [Info] PagSeguroTransactionSearchService.SearchByDate(initialDate=2017-04-26T10:55:36, finalDate=2017-05-26T10:55:36) - begin 
{2017/05/26 10:55:36} [Info] PagSeguroTransactionSearchService.SearchByDate(initialDate=2017-04-26T10:55:36, finalDate=2017-05-26T10:55:36) - end PagSeguroSearchResult: array (
  'Date' => '2017-05-26T10:55:35.000-03:00',
  'CurrentPage' => '1',
  'TotalPages' => '1',
  'Results in this page' => '1',
) 
{2017/05/26 10:55:36} [Info] PagSeguroTransactionSearchService.SearchByCode(FF75DDE0-B2C1-4F00-BE5C-7474F641FA39) - begin 
{2017/05/26 10:55:37} [Info] PagSeguroTransactionSearchService.SearchByCode(transactionCode=FF75DDE0-B2C1-4F00-BE5C-7474F641FA39) - end Transaction: array (
  'code' => 'FF75DDE0-B2C1-4F00-BE5C-7474F641FA39',
  'email' => 'andre.ribeiro@engnetconsultoria.com.br',
  'date' => '2017-05-10T19:57:51.000-03:00',
  'reference' => NULL,
  'status' => '7',
  'itemsCount' => 1,
) 
{2017/05/26 10:56:28} [Info] PagSeguroTransactionSearchService.SearchByDate(initialDate=2017-04-26T10:56:28, finalDate=2017-05-26T10:56:28) - begin 
{2017/05/26 10:56:29} [Info] PagSeguroTransactionSearchService.SearchByDate(initialDate=2017-04-26T10:56:28, finalDate=2017-05-26T10:56:28) - end PagSeguroSearchResult: array (
  'Date' => '2017-05-26T10:56:27.000-03:00',
  'CurrentPage' => '1',
  'TotalPages' => '1',
  'Results in this page' => '1',
) 
{2017/05/26 10:56:29} [Info] PagSeguroTransactionSearchService.SearchByCode(FF75DDE0-B2C1-4F00-BE5C-7474F641FA39) - begin 
{2017/05/26 10:56:29} [Info] PagSeguroTransactionSearchService.SearchByCode(transactionCode=FF75DDE0-B2C1-4F00-BE5C-7474F641FA39) - end Transaction: array (
  'code' => 'FF75DDE0-B2C1-4F00-BE5C-7474F641FA39',
  'email' => 'andre.ribeiro@engnetconsultoria.com.br',
  'date' => '2017-05-10T19:57:51.000-03:00',
  'reference' => NULL,
  'status' => '7',
  'itemsCount' => 1,
) 
{2017/05/26 10:56:29} [Info] PagSeguroTransactionSearchService.SearchByCode(FF75DDE0-B2C1-4F00-BE5C-7474F641FA39) - begin 
{2017/05/26 10:56:30} [Info] PagSeguroTransactionSearchService.SearchByCode(transactionCode=FF75DDE0-B2C1-4F00-BE5C-7474F641FA39) - end Transaction: array (
  'code' => 'FF75DDE0-B2C1-4F00-BE5C-7474F641FA39',
  'email' => 'andre.ribeiro@engnetconsultoria.com.br',
  'date' => '2017-05-10T19:57:51.000-03:00',
  'reference' => NULL,
  'status' => '7',
  'itemsCount' => 1,
) 
{2017/05/26 11:08:22} [Info] PagSeguroTransactionSearchService.SearchByDate(initialDate=2017-04-26T11:08:22, finalDate=2017-05-26T11:08:22) - begin 
{2017/05/26 11:08:23} [Info] PagSeguroTransactionSearchService.SearchByDate(initialDate=2017-04-26T11:08:22, finalDate=2017-05-26T11:08:22) - end PagSeguroSearchResult: array (
  'Date' => '2017-05-26T11:08:22.000-03:00',
  'CurrentPage' => '1',
  'TotalPages' => '1',
  'Results in this page' => '1',
) 
{2017/05/26 11:08:23} [Info] PagSeguroTransactionSearchService.SearchByCode(FF75DDE0-B2C1-4F00-BE5C-7474F641FA39) - begin 
{2017/05/26 11:08:24} [Info] PagSeguroTransactionSearchService.SearchByCode(transactionCode=FF75DDE0-B2C1-4F00-BE5C-7474F641FA39) - end Transaction: array (
  'code' => 'FF75DDE0-B2C1-4F00-BE5C-7474F641FA39',
  'email' => 'andre.ribeiro@engnetconsultoria.com.br',
  'date' => '2017-05-10T19:57:51.000-03:00',
  'reference' => NULL,
  'status' => '7',
  'itemsCount' => 1,
) 
{2017/05/26 11:08:54} [Info] PagSeguroTransactionSearchService.SearchByDate(initialDate=2017-04-26T11:08:54, finalDate=2017-05-26T11:08:54) - begin 
{2017/05/26 11:08:55} [Info] PagSeguroTransactionSearchService.SearchByDate(initialDate=2017-04-26T11:08:54, finalDate=2017-05-26T11:08:54) - end PagSeguroSearchResult: array (
  'Date' => '2017-05-26T11:08:53.000-03:00',
  'CurrentPage' => '1',
  'TotalPages' => '1',
  'Results in this page' => '1',
) 
{2017/05/26 11:08:55} [Info] PagSeguroTransactionSearchService.SearchByCode(FF75DDE0-B2C1-4F00-BE5C-7474F641FA39) - begin 
{2017/05/26 11:08:55} [Info] PagSeguroTransactionSearchService.SearchByCode(transactionCode=FF75DDE0-B2C1-4F00-BE5C-7474F641FA39) - end Transaction: array (
  'code' => 'FF75DDE0-B2C1-4F00-BE5C-7474F641FA39',
  'email' => 'andre.ribeiro@engnetconsultoria.com.br',
  'date' => '2017-05-10T19:57:51.000-03:00',
  'reference' => NULL,
  'status' => '7',
  'itemsCount' => 1,
) 
{2017/05/26 11:09:23} [Info] PagSeguroTransactionSearchService.SearchByDate(initialDate=2017-04-26T11:09:23, finalDate=2017-05-26T11:09:23) - begin 
{2017/05/26 11:09:23} [Info] PagSeguroTransactionSearchService.SearchByDate(initialDate=2017-04-26T11:09:23, finalDate=2017-05-26T11:09:23) - end PagSeguroSearchResult: array (
  'Date' => '2017-05-26T11:09:22.000-03:00',
  'CurrentPage' => '1',
  'TotalPages' => '1',
  'Results in this page' => '1',
) 
{2017/05/26 11:09:23} [Info] PagSeguroTransactionSearchService.SearchByCode(FF75DDE0-B2C1-4F00-BE5C-7474F641FA39) - begin 
{2017/05/26 11:09:23} [Info] PagSeguroTransactionSearchService.SearchByCode(transactionCode=FF75DDE0-B2C1-4F00-BE5C-7474F641FA39) - end Transaction: array (
  'code' => 'FF75DDE0-B2C1-4F00-BE5C-7474F641FA39',
  'email' => 'andre.ribeiro@engnetconsultoria.com.br',
  'date' => '2017-05-10T19:57:51.000-03:00',
  'reference' => NULL,
  'status' => '7',
  'itemsCount' => 1,
) 
{2017/05/26 11:09:23} [Info] PagSeguroTransactionSearchService.SearchByCode(FF75DDE0-B2C1-4F00-BE5C-7474F641FA39) - begin 
{2017/05/26 11:09:24} [Info] PagSeguroTransactionSearchService.SearchByCode(transactionCode=FF75DDE0-B2C1-4F00-BE5C-7474F641FA39) - end Transaction: array (
  'code' => 'FF75DDE0-B2C1-4F00-BE5C-7474F641FA39',
  'email' => 'andre.ribeiro@engnetconsultoria.com.br',
  'date' => '2017-05-10T19:57:51.000-03:00',
  'reference' => NULL,
  'status' => '7',
  'itemsCount' => 1,
) 
{2017/05/26 11:10:00} [Info] PagSeguroTransactionSearchService.SearchByDate(initialDate=2017-04-26T11:10:00, finalDate=2017-05-26T11:10:00) - begin 
{2017/05/26 11:10:10} [Info] PagSeguroTransactionSearchService.SearchByDate(initialDate=2017-04-26T11:10:00, finalDate=2017-05-26T11:10:00) - end PagSeguroSearchResult: array (
  'Date' => '2017-05-26T11:10:09.000-03:00',
  'CurrentPage' => '1',
  'TotalPages' => '1',
  'Results in this page' => '1',
) 
{2017/05/26 11:10:10} [Info] PagSeguroTransactionSearchService.SearchByCode(FF75DDE0-B2C1-4F00-BE5C-7474F641FA39) - begin 
{2017/05/26 11:10:10} [Info] PagSeguroTransactionSearchService.SearchByCode(transactionCode=FF75DDE0-B2C1-4F00-BE5C-7474F641FA39) - end Transaction: array (
  'code' => 'FF75DDE0-B2C1-4F00-BE5C-7474F641FA39',
  'email' => 'andre.ribeiro@engnetconsultoria.com.br',
  'date' => '2017-05-10T19:57:51.000-03:00',
  'reference' => NULL,
  'status' => '7',
  'itemsCount' => 1,
) 
{2017/05/26 11:11:11} [Info] PagSeguroTransactionSearchService.SearchByDate(initialDate=2017-04-26T11:11:11, finalDate=2017-05-26T11:11:11) - begin 
{2017/05/26 11:11:12} [Info] PagSeguroTransactionSearchService.SearchByDate(initialDate=2017-04-26T11:11:11, finalDate=2017-05-26T11:11:11) - end PagSeguroSearchResult: array (
  'Date' => '2017-05-26T11:11:10.000-03:00',
  'CurrentPage' => '1',
  'TotalPages' => '1',
  'Results in this page' => '1',
) 
{2017/05/26 11:11:12} [Info] PagSeguroTransactionSearchService.SearchByCode(FF75DDE0-B2C1-4F00-BE5C-7474F641FA39) - begin 
{2017/05/26 11:11:13} [Info] PagSeguroTransactionSearchService.SearchByCode(transactionCode=FF75DDE0-B2C1-4F00-BE5C-7474F641FA39) - end Transaction: array (
  'code' => 'FF75DDE0-B2C1-4F00-BE5C-7474F641FA39',
  'email' => 'andre.ribeiro@engnetconsultoria.com.br',
  'date' => '2017-05-10T19:57:51.000-03:00',
  'reference' => NULL,
  'status' => '7',
  'itemsCount' => 1,
) 
{2017/05/26 11:11:29} [Info] PagSeguroTransactionSearchService.SearchByDate(initialDate=2017-04-26T11:11:29, finalDate=2017-05-26T11:11:29) - begin 
{2017/05/26 11:11:30} [Info] PagSeguroTransactionSearchService.SearchByDate(initialDate=2017-04-26T11:11:29, finalDate=2017-05-26T11:11:29) - end PagSeguroSearchResult: array (
  'Date' => '2017-05-26T11:11:28.000-03:00',
  'CurrentPage' => '1',
  'TotalPages' => '1',
  'Results in this page' => '1',
) 
{2017/05/26 11:11:30} [Info] PagSeguroTransactionSearchService.SearchByCode(FF75DDE0-B2C1-4F00-BE5C-7474F641FA39) - begin 
{2017/05/26 11:11:30} [Info] PagSeguroTransactionSearchService.SearchByCode(transactionCode=FF75DDE0-B2C1-4F00-BE5C-7474F641FA39) - end Transaction: array (
  'code' => 'FF75DDE0-B2C1-4F00-BE5C-7474F641FA39',
  'email' => 'andre.ribeiro@engnetconsultoria.com.br',
  'date' => '2017-05-10T19:57:51.000-03:00',
  'reference' => NULL,
  'status' => '7',
  'itemsCount' => 1,
) 
{2017/05/26 11:11:41} [Info] PagSeguroTransactionSearchService.SearchByDate(initialDate=2017-04-26T11:11:41, finalDate=2017-05-26T11:11:41) - begin 
{2017/05/26 11:11:41} [Info] PagSeguroTransactionSearchService.SearchByDate(initialDate=2017-04-26T11:11:41, finalDate=2017-05-26T11:11:41) - end PagSeguroSearchResult: array (
  'Date' => '2017-05-26T11:11:40.000-03:00',
  'CurrentPage' => '1',
  'TotalPages' => '1',
  'Results in this page' => '1',
) 
{2017/05/26 11:11:41} [Info] PagSeguroTransactionSearchService.SearchByCode(FF75DDE0-B2C1-4F00-BE5C-7474F641FA39) - begin 
{2017/05/26 11:11:42} [Info] PagSeguroTransactionSearchService.SearchByCode(transactionCode=FF75DDE0-B2C1-4F00-BE5C-7474F641FA39) - end Transaction: array (
  'code' => 'FF75DDE0-B2C1-4F00-BE5C-7474F641FA39',
  'email' => 'andre.ribeiro@engnetconsultoria.com.br',
  'date' => '2017-05-10T19:57:51.000-03:00',
  'reference' => NULL,
  'status' => '7',
  'itemsCount' => 1,
) 
{2017/05/26 11:15:56} [Info] PagSeguroTransactionSearchService.SearchByDate(initialDate=2017-04-26T11:15:56, finalDate=2017-05-26T11:15:56) - begin 
{2017/05/26 11:15:58} [Info] PagSeguroTransactionSearchService.SearchByDate(initialDate=2017-04-26T11:15:56, finalDate=2017-05-26T11:15:56) - end PagSeguroSearchResult: array (
  'Date' => '2017-05-26T11:15:56.000-03:00',
  'CurrentPage' => '1',
  'TotalPages' => '1',
  'Results in this page' => '1',
) 
{2017/05/26 11:15:58} [Info] PagSeguroTransactionSearchService.SearchByCode(FF75DDE0-B2C1-4F00-BE5C-7474F641FA39) - begin 
{2017/05/26 11:15:59} [Info] PagSeguroTransactionSearchService.SearchByCode(transactionCode=FF75DDE0-B2C1-4F00-BE5C-7474F641FA39) - end Transaction: array (
  'code' => 'FF75DDE0-B2C1-4F00-BE5C-7474F641FA39',
  'email' => 'andre.ribeiro@engnetconsultoria.com.br',
  'date' => '2017-05-10T19:57:51.000-03:00',
  'reference' => NULL,
  'status' => '7',
  'itemsCount' => 1,
) 
{2017/05/26 11:16:50} [Info] PagSeguroTransactionSearchService.SearchByDate(initialDate=2017-04-26T11:16:50, finalDate=2017-05-26T11:16:50) - begin 
{2017/05/26 11:16:51} [Info] PagSeguroTransactionSearchService.SearchByDate(initialDate=2017-04-26T11:16:50, finalDate=2017-05-26T11:16:50) - end PagSeguroSearchResult: array (
  'Date' => '2017-05-26T11:16:49.000-03:00',
  'CurrentPage' => '1',
  'TotalPages' => '1',
  'Results in this page' => '1',
) 
{2017/05/26 11:16:51} [Info] PagSeguroTransactionSearchService.SearchByCode(FF75DDE0-B2C1-4F00-BE5C-7474F641FA39) - begin 
{2017/05/26 11:16:51} [Info] PagSeguroTransactionSearchService.SearchByCode(transactionCode=FF75DDE0-B2C1-4F00-BE5C-7474F641FA39) - end Transaction: array (
  'code' => 'FF75DDE0-B2C1-4F00-BE5C-7474F641FA39',
  'email' => 'andre.ribeiro@engnetconsultoria.com.br',
  'date' => '2017-05-10T19:57:51.000-03:00',
  'reference' => NULL,
  'status' => '7',
  'itemsCount' => 1,
) 
{2017/05/26 11:17:01} [Info] PagSeguroTransactionSearchService.SearchByDate(initialDate=2017-04-26T11:17:01, finalDate=2017-05-26T11:17:01) - begin 
{2017/05/26 11:17:03} [Info] PagSeguroTransactionSearchService.SearchByDate(initialDate=2017-04-26T11:17:01, finalDate=2017-05-26T11:17:01) - end PagSeguroSearchResult: array (
  'Date' => '2017-05-26T11:17:01.000-03:00',
  'CurrentPage' => '1',
  'TotalPages' => '1',
  'Results in this page' => '1',
) 
{2017/05/26 11:17:03} [Info] PagSeguroTransactionSearchService.SearchByCode(FF75DDE0-B2C1-4F00-BE5C-7474F641FA39) - begin 
{2017/05/26 11:17:04} [Info] PagSeguroTransactionSearchService.SearchByCode(transactionCode=FF75DDE0-B2C1-4F00-BE5C-7474F641FA39) - end Transaction: array (
  'code' => 'FF75DDE0-B2C1-4F00-BE5C-7474F641FA39',
  'email' => 'andre.ribeiro@engnetconsultoria.com.br',
  'date' => '2017-05-10T19:57:51.000-03:00',
  'reference' => NULL,
  'status' => '7',
  'itemsCount' => 1,
) 
{2017/05/26 11:17:20} [Info] PagSeguroTransactionSearchService.SearchByDate(initialDate=2017-04-26T11:17:20, finalDate=2017-05-26T11:17:20) - begin 
{2017/05/26 11:17:21} [Info] PagSeguroTransactionSearchService.SearchByDate(initialDate=2017-04-26T11:17:20, finalDate=2017-05-26T11:17:20) - end PagSeguroSearchResult: array (
  'Date' => '2017-05-26T11:17:20.000-03:00',
  'CurrentPage' => '1',
  'TotalPages' => '1',
  'Results in this page' => '1',
) 
{2017/05/26 11:17:21} [Info] PagSeguroTransactionSearchService.SearchByCode(FF75DDE0-B2C1-4F00-BE5C-7474F641FA39) - begin 
{2017/05/26 11:17:22} [Info] PagSeguroTransactionSearchService.SearchByCode(transactionCode=FF75DDE0-B2C1-4F00-BE5C-7474F641FA39) - end Transaction: array (
  'code' => 'FF75DDE0-B2C1-4F00-BE5C-7474F641FA39',
  'email' => 'andre.ribeiro@engnetconsultoria.com.br',
  'date' => '2017-05-10T19:57:51.000-03:00',
  'reference' => NULL,
  'status' => '7',
  'itemsCount' => 1,
) 
{2017/05/26 11:28:36} [Info] PagSeguroTransactionSearchService.SearchByDate(initialDate=2017-04-26T11:28:36, finalDate=2017-05-26T11:28:36) - begin 
{2017/05/26 11:28:37} [Info] PagSeguroTransactionSearchService.SearchByDate(initialDate=2017-04-26T11:28:36, finalDate=2017-05-26T11:28:36) - end PagSeguroSearchResult: array (
  'Date' => '2017-05-26T11:28:36.000-03:00',
  'CurrentPage' => '1',
  'TotalPages' => '1',
  'Results in this page' => '1',
) 
{2017/05/26 11:28:37} [Info] PagSeguroTransactionSearchService.SearchByCode(FF75DDE0-B2C1-4F00-BE5C-7474F641FA39) - begin 
{2017/05/26 11:28:38} [Info] PagSeguroTransactionSearchService.SearchByCode(transactionCode=FF75DDE0-B2C1-4F00-BE5C-7474F641FA39) - end Transaction: array (
  'code' => 'FF75DDE0-B2C1-4F00-BE5C-7474F641FA39',
  'email' => 'andre.ribeiro@engnetconsultoria.com.br',
  'date' => '2017-05-10T19:57:51.000-03:00',
  'reference' => NULL,
  'status' => '7',
  'itemsCount' => 1,
) 
{2017/05/29 11:19:37} [Info] PagSeguroTransactionSearchService.SearchByDate(initialDate=2017-04-29T11:19:37, finalDate=2017-05-29T11:19:37) - begin 
{2017/05/29 11:19:38} [Info] PagSeguroTransactionSearchService.SearchByDate(initialDate=2017-04-29T11:19:37, finalDate=2017-05-29T11:19:37) - end PagSeguroSearchResult: array (
  'Date' => '2017-05-29T11:19:35.000-03:00',
  'CurrentPage' => '1',
  'TotalPages' => '1',
  'Results in this page' => '1',
) 
{2017/05/29 11:19:38} [Info] PagSeguroTransactionSearchService.SearchByCode(FF75DDE0-B2C1-4F00-BE5C-7474F641FA39) - begin 
{2017/05/29 11:19:39} [Info] PagSeguroTransactionSearchService.SearchByCode(transactionCode=FF75DDE0-B2C1-4F00-BE5C-7474F641FA39) - end Transaction: array (
  'code' => 'FF75DDE0-B2C1-4F00-BE5C-7474F641FA39',
  'email' => 'andre.ribeiro@engnetconsultoria.com.br',
  'date' => '2017-05-10T19:57:51.000-03:00',
  'reference' => NULL,
  'status' => '7',
  'itemsCount' => 1,
) 
{2017/05/29 11:27:34} [Info] PagSeguroTransactionSearchService.SearchByDate(initialDate=2017-04-29T11:27:34, finalDate=2017-05-29T11:27:34) - begin 
{2017/05/29 11:27:35} [Info] PagSeguroTransactionSearchService.SearchByDate(initialDate=2017-04-29T11:27:34, finalDate=2017-05-29T11:27:34) - end PagSeguroSearchResult: array (
  'Date' => '2017-05-29T11:27:35.000-03:00',
  'CurrentPage' => '1',
  'TotalPages' => '1',
  'Results in this page' => '1',
) 
{2017/05/29 11:27:35} [Info] PagSeguroTransactionSearchService.SearchByCode(FF75DDE0-B2C1-4F00-BE5C-7474F641FA39) - begin 
{2017/05/29 11:27:35} [Info] PagSeguroTransactionSearchService.SearchByCode(transactionCode=FF75DDE0-B2C1-4F00-BE5C-7474F641FA39) - end Transaction: array (
  'code' => 'FF75DDE0-B2C1-4F00-BE5C-7474F641FA39',
  'email' => 'andre.ribeiro@engnetconsultoria.com.br',
  'date' => '2017-05-10T19:57:51.000-03:00',
  'reference' => NULL,
  'status' => '7',
  'itemsCount' => 1,
) 
{2017/05/29 11:31:11} [Info] PagSeguroTransactionSearchService.SearchByDate(initialDate=2017-04-29T11:31:11, finalDate=2017-05-29T11:31:11) - begin 
{2017/05/29 11:31:14} [Info] PagSeguroTransactionSearchService.SearchByDate(initialDate=2017-04-29T11:31:11, finalDate=2017-05-29T11:31:11) - end PagSeguroSearchResult: array (
  'Date' => '2017-05-29T11:31:14.000-03:00',
  'CurrentPage' => '1',
  'TotalPages' => '1',
  'Results in this page' => '1',
) 
{2017/05/29 11:31:14} [Info] PagSeguroTransactionSearchService.SearchByCode(FF75DDE0-B2C1-4F00-BE5C-7474F641FA39) - begin 
{2017/05/29 11:31:14} [Info] PagSeguroTransactionSearchService.SearchByCode(transactionCode=FF75DDE0-B2C1-4F00-BE5C-7474F641FA39) - end Transaction: array (
  'code' => 'FF75DDE0-B2C1-4F00-BE5C-7474F641FA39',
  'email' => 'andre.ribeiro@engnetconsultoria.com.br',
  'date' => '2017-05-10T19:57:51.000-03:00',
  'reference' => NULL,
  'status' => '7',
  'itemsCount' => 1,
) 
{2017/05/29 11:31:30} [Info] PagSeguroTransactionSearchService.SearchByDate(initialDate=2017-04-29T11:31:30, finalDate=2017-05-29T11:31:30) - begin 
{2017/05/29 11:31:31} [Info] PagSeguroTransactionSearchService.SearchByDate(initialDate=2017-04-29T11:31:30, finalDate=2017-05-29T11:31:30) - end PagSeguroSearchResult: array (
  'Date' => '2017-05-29T11:31:31.000-03:00',
  'CurrentPage' => '1',
  'TotalPages' => '1',
  'Results in this page' => '1',
) 
{2017/05/29 11:31:31} [Info] PagSeguroTransactionSearchService.SearchByCode(FF75DDE0-B2C1-4F00-BE5C-7474F641FA39) - begin 
{2017/05/29 11:31:31} [Info] PagSeguroTransactionSearchService.SearchByCode(transactionCode=FF75DDE0-B2C1-4F00-BE5C-7474F641FA39) - end Transaction: array (
  'code' => 'FF75DDE0-B2C1-4F00-BE5C-7474F641FA39',
  'email' => 'andre.ribeiro@engnetconsultoria.com.br',
  'date' => '2017-05-10T19:57:51.000-03:00',
  'reference' => NULL,
  'status' => '7',
  'itemsCount' => 1,
) 
{2017/05/29 11:47:33} [Info] PagSeguroTransactionSearchService.SearchByDate(initialDate=2017-04-29T11:47:33, finalDate=2017-05-29T11:47:33) - begin 
{2017/05/29 11:47:34} [Info] PagSeguroTransactionSearchService.SearchByDate(initialDate=2017-04-29T11:47:33, finalDate=2017-05-29T11:47:33) - end PagSeguroSearchResult: array (
  'Date' => '2017-05-29T11:47:34.000-03:00',
  'CurrentPage' => '1',
  'TotalPages' => '1',
  'Results in this page' => '1',
) 
{2017/05/29 11:47:34} [Info] PagSeguroTransactionSearchService.SearchByCode(FF75DDE0-B2C1-4F00-BE5C-7474F641FA39) - begin 
{2017/05/29 11:47:34} [Info] PagSeguroTransactionSearchService.SearchByCode(transactionCode=FF75DDE0-B2C1-4F00-BE5C-7474F641FA39) - end Transaction: array (
  'code' => 'FF75DDE0-B2C1-4F00-BE5C-7474F641FA39',
  'email' => 'andre.ribeiro@engnetconsultoria.com.br',
  'date' => '2017-05-10T19:57:51.000-03:00',
  'reference' => NULL,
  'status' => '7',
  'itemsCount' => 1,
) 
{2017/05/29 11:49:00} [Info] PagSeguroTransactionSearchService.SearchByDate(initialDate=2017-04-29T11:49:00, finalDate=2017-05-29T11:49:00) - begin 
{2017/05/29 11:49:01} [Info] PagSeguroTransactionSearchService.SearchByDate(initialDate=2017-04-29T11:49:00, finalDate=2017-05-29T11:49:00) - end PagSeguroSearchResult: array (
  'Date' => '2017-05-29T11:49:01.000-03:00',
  'CurrentPage' => '1',
  'TotalPages' => '1',
  'Results in this page' => '1',
) 
{2017/05/29 11:49:01} [Info] PagSeguroTransactionSearchService.SearchByCode(FF75DDE0-B2C1-4F00-BE5C-7474F641FA39) - begin 
{2017/05/29 11:49:02} [Info] PagSeguroTransactionSearchService.SearchByCode(transactionCode=FF75DDE0-B2C1-4F00-BE5C-7474F641FA39) - end Transaction: array (
  'code' => 'FF75DDE0-B2C1-4F00-BE5C-7474F641FA39',
  'email' => 'andre.ribeiro@engnetconsultoria.com.br',
  'date' => '2017-05-10T19:57:51.000-03:00',
  'reference' => NULL,
  'status' => '7',
  'itemsCount' => 1,
) 
{2017/05/29 11:49:39} [Info] PagSeguroTransactionSearchService.SearchByDate(initialDate=2017-04-29T11:49:39, finalDate=2017-05-29T11:49:39) - begin 
{2017/05/29 11:49:40} [Info] PagSeguroTransactionSearchService.SearchByDate(initialDate=2017-04-29T11:49:39, finalDate=2017-05-29T11:49:39) - end PagSeguroSearchResult: array (
  'Date' => '2017-05-29T11:49:40.000-03:00',
  'CurrentPage' => '1',
  'TotalPages' => '1',
  'Results in this page' => '1',
) 
{2017/05/29 11:49:40} [Info] PagSeguroTransactionSearchService.SearchByCode(FF75DDE0-B2C1-4F00-BE5C-7474F641FA39) - begin 
{2017/05/29 11:49:41} [Info] PagSeguroTransactionSearchService.SearchByCode(transactionCode=FF75DDE0-B2C1-4F00-BE5C-7474F641FA39) - end Transaction: array (
  'code' => 'FF75DDE0-B2C1-4F00-BE5C-7474F641FA39',
  'email' => 'andre.ribeiro@engnetconsultoria.com.br',
  'date' => '2017-05-10T19:57:51.000-03:00',
  'reference' => NULL,
  'status' => '7',
  'itemsCount' => 1,
) 
{2017/05/29 11:49:54} [Info] PagSeguroTransactionSearchService.SearchByDate(initialDate=2017-04-29T11:49:54, finalDate=2017-05-29T11:49:54) - begin 
{2017/05/29 11:49:54} [Info] PagSeguroTransactionSearchService.SearchByDate(initialDate=2017-04-29T11:49:54, finalDate=2017-05-29T11:49:54) - end PagSeguroSearchResult: array (
  'Date' => '2017-05-29T11:49:54.000-03:00',
  'CurrentPage' => '1',
  'TotalPages' => '1',
  'Results in this page' => '1',
) 
{2017/05/29 11:49:54} [Info] PagSeguroTransactionSearchService.SearchByCode(FF75DDE0-B2C1-4F00-BE5C-7474F641FA39) - begin 
{2017/05/29 11:49:55} [Info] PagSeguroTransactionSearchService.SearchByCode(transactionCode=FF75DDE0-B2C1-4F00-BE5C-7474F641FA39) - end Transaction: array (
  'code' => 'FF75DDE0-B2C1-4F00-BE5C-7474F641FA39',
  'email' => 'andre.ribeiro@engnetconsultoria.com.br',
  'date' => '2017-05-10T19:57:51.000-03:00',
  'reference' => NULL,
  'status' => '7',
  'itemsCount' => 1,
) 
{2017/05/29 11:50:20} [Info] PagSeguroTransactionSearchService.SearchByDate(initialDate=2017-04-29T11:50:20, finalDate=2017-05-29T11:50:20) - begin 
{2017/05/29 11:50:23} [Info] PagSeguroTransactionSearchService.SearchByDate(initialDate=2017-04-29T11:50:20, finalDate=2017-05-29T11:50:20) - end PagSeguroSearchResult: array (
  'Date' => '2017-05-29T11:50:23.000-03:00',
  'CurrentPage' => '1',
  'TotalPages' => '1',
  'Results in this page' => '1',
) 
{2017/05/29 11:50:23} [Info] PagSeguroTransactionSearchService.SearchByCode(FF75DDE0-B2C1-4F00-BE5C-7474F641FA39) - begin 
{2017/05/29 11:50:24} [Info] PagSeguroTransactionSearchService.SearchByCode(transactionCode=FF75DDE0-B2C1-4F00-BE5C-7474F641FA39) - end Transaction: array (
  'code' => 'FF75DDE0-B2C1-4F00-BE5C-7474F641FA39',
  'email' => 'andre.ribeiro@engnetconsultoria.com.br',
  'date' => '2017-05-10T19:57:51.000-03:00',
  'reference' => NULL,
  'status' => '7',
  'itemsCount' => 1,
) 
{2017/05/29 11:50:58} [Info] PagSeguroTransactionSearchService.SearchByDate(initialDate=2017-04-29T11:50:58, finalDate=2017-05-29T11:50:58) - begin 
{2017/05/29 11:50:58} [Info] PagSeguroTransactionSearchService.SearchByDate(initialDate=2017-04-29T11:50:58, finalDate=2017-05-29T11:50:58) - end PagSeguroSearchResult: array (
  'Date' => '2017-05-29T11:50:58.000-03:00',
  'CurrentPage' => '1',
  'TotalPages' => '1',
  'Results in this page' => '1',
) 
{2017/05/29 11:50:58} [Info] PagSeguroTransactionSearchService.SearchByCode(FF75DDE0-B2C1-4F00-BE5C-7474F641FA39) - begin 
{2017/05/29 11:50:59} [Info] PagSeguroTransactionSearchService.SearchByCode(transactionCode=FF75DDE0-B2C1-4F00-BE5C-7474F641FA39) - end Transaction: array (
  'code' => 'FF75DDE0-B2C1-4F00-BE5C-7474F641FA39',
  'email' => 'andre.ribeiro@engnetconsultoria.com.br',
  'date' => '2017-05-10T19:57:51.000-03:00',
  'reference' => NULL,
  'status' => '7',
  'itemsCount' => 1,
) 
{2017/05/29 11:51:34} [Info] PagSeguroTransactionSearchService.SearchByDate(initialDate=2017-04-29T11:51:34, finalDate=2017-05-29T11:51:34) - begin 
{2017/05/29 11:51:36} [Info] PagSeguroTransactionSearchService.SearchByDate(initialDate=2017-04-29T11:51:34, finalDate=2017-05-29T11:51:34) - end PagSeguroSearchResult: array (
  'Date' => '2017-05-29T11:51:35.000-03:00',
  'CurrentPage' => '1',
  'TotalPages' => '1',
  'Results in this page' => '1',
) 
{2017/05/29 11:51:36} [Info] PagSeguroTransactionSearchService.SearchByCode(FF75DDE0-B2C1-4F00-BE5C-7474F641FA39) - begin 
{2017/05/29 11:51:36} [Info] PagSeguroTransactionSearchService.SearchByCode(transactionCode=FF75DDE0-B2C1-4F00-BE5C-7474F641FA39) - end Transaction: array (
  'code' => 'FF75DDE0-B2C1-4F00-BE5C-7474F641FA39',
  'email' => 'andre.ribeiro@engnetconsultoria.com.br',
  'date' => '2017-05-10T19:57:51.000-03:00',
  'reference' => NULL,
  'status' => '7',
  'itemsCount' => 1,
) 
{2017/05/29 11:52:12} [Info] PagSeguroTransactionSearchService.SearchByDate(initialDate=2017-04-29T11:52:12, finalDate=2017-05-29T11:52:12) - begin 
{2017/05/29 11:52:12} [Info] PagSeguroTransactionSearchService.SearchByDate(initialDate=2017-04-29T11:52:12, finalDate=2017-05-29T11:52:12) - end PagSeguroSearchResult: array (
  'Date' => '2017-05-29T11:52:12.000-03:00',
  'CurrentPage' => '1',
  'TotalPages' => '1',
  'Results in this page' => '1',
) 
{2017/05/29 11:52:12} [Info] PagSeguroTransactionSearchService.SearchByCode(FF75DDE0-B2C1-4F00-BE5C-7474F641FA39) - begin 
{2017/05/29 11:52:13} [Info] PagSeguroTransactionSearchService.SearchByCode(transactionCode=FF75DDE0-B2C1-4F00-BE5C-7474F641FA39) - end Transaction: array (
  'code' => 'FF75DDE0-B2C1-4F00-BE5C-7474F641FA39',
  'email' => 'andre.ribeiro@engnetconsultoria.com.br',
  'date' => '2017-05-10T19:57:51.000-03:00',
  'reference' => NULL,
  'status' => '7',
  'itemsCount' => 1,
) 
{2017/05/29 11:54:06} [Info] PagSeguroTransactionSearchService.SearchByDate(initialDate=2017-04-29T11:54:06, finalDate=2017-05-29T11:54:06) - begin 
{2017/05/29 11:54:07} [Info] PagSeguroTransactionSearchService.SearchByDate(initialDate=2017-04-29T11:54:06, finalDate=2017-05-29T11:54:06) - end PagSeguroSearchResult: array (
  'Date' => '2017-05-29T11:54:07.000-03:00',
  'CurrentPage' => '1',
  'TotalPages' => '1',
  'Results in this page' => '1',
) 
{2017/05/29 11:54:07} [Info] PagSeguroTransactionSearchService.SearchByCode(FF75DDE0-B2C1-4F00-BE5C-7474F641FA39) - begin 
{2017/05/29 11:54:07} [Info] PagSeguroTransactionSearchService.SearchByCode(transactionCode=FF75DDE0-B2C1-4F00-BE5C-7474F641FA39) - end Transaction: array (
  'code' => 'FF75DDE0-B2C1-4F00-BE5C-7474F641FA39',
  'email' => 'andre.ribeiro@engnetconsultoria.com.br',
  'date' => '2017-05-10T19:57:51.000-03:00',
  'reference' => NULL,
  'status' => '7',
  'itemsCount' => 1,
) 
{2017/05/29 11:55:06} [Info] PagSeguroTransactionSearchService.SearchByDate(initialDate=2017-04-29T11:55:06, finalDate=2017-05-29T11:55:06) - begin 
{2017/05/29 11:55:07} [Info] PagSeguroTransactionSearchService.SearchByDate(initialDate=2017-04-29T11:55:06, finalDate=2017-05-29T11:55:06) - end PagSeguroSearchResult: array (
  'Date' => '2017-05-29T11:55:07.000-03:00',
  'CurrentPage' => '1',
  'TotalPages' => '1',
  'Results in this page' => '1',
) 
{2017/05/29 11:55:07} [Info] PagSeguroTransactionSearchService.SearchByCode(FF75DDE0-B2C1-4F00-BE5C-7474F641FA39) - begin 
{2017/05/29 11:55:07} [Info] PagSeguroTransactionSearchService.SearchByCode(transactionCode=FF75DDE0-B2C1-4F00-BE5C-7474F641FA39) - end Transaction: array (
  'code' => 'FF75DDE0-B2C1-4F00-BE5C-7474F641FA39',
  'email' => 'andre.ribeiro@engnetconsultoria.com.br',
  'date' => '2017-05-10T19:57:51.000-03:00',
  'reference' => NULL,
  'status' => '7',
  'itemsCount' => 1,
) 
{2017/05/29 11:55:31} [Info] PagSeguroTransactionSearchService.SearchByDate(initialDate=2017-04-29T11:55:31, finalDate=2017-05-29T11:55:31) - begin 
{2017/05/29 11:55:32} [Info] PagSeguroTransactionSearchService.SearchByDate(initialDate=2017-04-29T11:55:31, finalDate=2017-05-29T11:55:31) - end PagSeguroSearchResult: array (
  'Date' => '2017-05-29T11:55:32.000-03:00',
  'CurrentPage' => '1',
  'TotalPages' => '1',
  'Results in this page' => '1',
) 
{2017/05/29 11:55:32} [Info] PagSeguroTransactionSearchService.SearchByCode(FF75DDE0-B2C1-4F00-BE5C-7474F641FA39) - begin 
{2017/05/29 11:55:32} [Info] PagSeguroTransactionSearchService.SearchByCode(transactionCode=FF75DDE0-B2C1-4F00-BE5C-7474F641FA39) - end Transaction: array (
  'code' => 'FF75DDE0-B2C1-4F00-BE5C-7474F641FA39',
  'email' => 'andre.ribeiro@engnetconsultoria.com.br',
  'date' => '2017-05-10T19:57:51.000-03:00',
  'reference' => NULL,
  'status' => '7',
  'itemsCount' => 1,
) 
{2017/05/29 11:55:47} [Info] PagSeguroTransactionSearchService.SearchByDate(initialDate=2017-04-29T11:55:47, finalDate=2017-05-29T11:55:47) - begin 
{2017/05/29 11:55:47} [Info] PagSeguroTransactionSearchService.SearchByDate(initialDate=2017-04-29T11:55:47, finalDate=2017-05-29T11:55:47) - end PagSeguroSearchResult: array (
  'Date' => '2017-05-29T11:55:47.000-03:00',
  'CurrentPage' => '1',
  'TotalPages' => '1',
  'Results in this page' => '1',
) 
{2017/05/29 11:55:47} [Info] PagSeguroTransactionSearchService.SearchByCode(FF75DDE0-B2C1-4F00-BE5C-7474F641FA39) - begin 
{2017/05/29 11:55:48} [Info] PagSeguroTransactionSearchService.SearchByCode(transactionCode=FF75DDE0-B2C1-4F00-BE5C-7474F641FA39) - end Transaction: array (
  'code' => 'FF75DDE0-B2C1-4F00-BE5C-7474F641FA39',
  'email' => 'andre.ribeiro@engnetconsultoria.com.br',
  'date' => '2017-05-10T19:57:51.000-03:00',
  'reference' => NULL,
  'status' => '7',
  'itemsCount' => 1,
) 
{2017/05/29 12:08:09} [Info] PagSeguroTransactionSearchService.SearchByDate(initialDate=2017-04-29T12:08:09, finalDate=2017-05-29T12:08:09) - begin 
{2017/05/29 12:08:10} [Info] PagSeguroTransactionSearchService.SearchByDate(initialDate=2017-04-29T12:08:09, finalDate=2017-05-29T12:08:09) - end PagSeguroSearchResult: array (
  'Date' => '2017-05-29T12:08:10.000-03:00',
  'CurrentPage' => '1',
  'TotalPages' => '1',
  'Results in this page' => '1',
) 
{2017/05/29 12:08:10} [Info] PagSeguroTransactionSearchService.SearchByCode(FF75DDE0-B2C1-4F00-BE5C-7474F641FA39) - begin 
{2017/05/29 12:08:11} [Info] PagSeguroTransactionSearchService.SearchByCode(transactionCode=FF75DDE0-B2C1-4F00-BE5C-7474F641FA39) - end Transaction: array (
  'code' => 'FF75DDE0-B2C1-4F00-BE5C-7474F641FA39',
  'email' => 'andre.ribeiro@engnetconsultoria.com.br',
  'date' => '2017-05-10T19:57:51.000-03:00',
  'reference' => NULL,
  'status' => '7',
  'itemsCount' => 1,
) 
{2017/05/29 12:08:31} [Info] PagSeguroTransactionSearchService.SearchByDate(initialDate=2017-04-29T12:08:31, finalDate=2017-05-29T12:08:31) - begin 
{2017/05/29 12:08:31} [Info] PagSeguroTransactionSearchService.SearchByDate(initialDate=2017-04-29T12:08:31, finalDate=2017-05-29T12:08:31) - end PagSeguroSearchResult: array (
  'Date' => '2017-05-29T12:08:31.000-03:00',
  'CurrentPage' => '1',
  'TotalPages' => '1',
  'Results in this page' => '1',
) 
{2017/05/29 12:08:31} [Info] PagSeguroTransactionSearchService.SearchByCode(FF75DDE0-B2C1-4F00-BE5C-7474F641FA39) - begin 
{2017/05/29 12:08:32} [Info] PagSeguroTransactionSearchService.SearchByCode(transactionCode=FF75DDE0-B2C1-4F00-BE5C-7474F641FA39) - end Transaction: array (
  'code' => 'FF75DDE0-B2C1-4F00-BE5C-7474F641FA39',
  'email' => 'andre.ribeiro@engnetconsultoria.com.br',
  'date' => '2017-05-10T19:57:51.000-03:00',
  'reference' => NULL,
  'status' => '7',
  'itemsCount' => 1,
) 
{2017/05/29 12:11:05} [Info] PagSeguroTransactionSearchService.SearchByDate(initialDate=2017-04-29T12:11:05, finalDate=2017-05-29T12:11:05) - begin 
{2017/05/29 12:11:06} [Info] PagSeguroTransactionSearchService.SearchByDate(initialDate=2017-04-29T12:11:05, finalDate=2017-05-29T12:11:05) - end PagSeguroSearchResult: array (
  'Date' => '2017-05-29T12:11:06.000-03:00',
  'CurrentPage' => '1',
  'TotalPages' => '1',
  'Results in this page' => '1',
) 
{2017/05/29 12:11:06} [Info] PagSeguroTransactionSearchService.SearchByCode(FF75DDE0-B2C1-4F00-BE5C-7474F641FA39) - begin 
{2017/05/29 12:11:06} [Info] PagSeguroTransactionSearchService.SearchByCode(transactionCode=FF75DDE0-B2C1-4F00-BE5C-7474F641FA39) - end Transaction: array (
  'code' => 'FF75DDE0-B2C1-4F00-BE5C-7474F641FA39',
  'email' => 'andre.ribeiro@engnetconsultoria.com.br',
  'date' => '2017-05-10T19:57:51.000-03:00',
  'reference' => NULL,
  'status' => '7',
  'itemsCount' => 1,
) 
{2017/05/29 12:11:45} [Info] PagSeguroTransactionSearchService.SearchByDate(initialDate=2017-04-29T12:11:45, finalDate=2017-05-29T12:11:45) - begin 
{2017/05/29 12:11:45} [Info] PagSeguroTransactionSearchService.SearchByDate(initialDate=2017-04-29T12:11:45, finalDate=2017-05-29T12:11:45) - end PagSeguroSearchResult: array (
  'Date' => '2017-05-29T12:11:45.000-03:00',
  'CurrentPage' => '1',
  'TotalPages' => '1',
  'Results in this page' => '1',
) 
{2017/05/29 12:11:45} [Info] PagSeguroTransactionSearchService.SearchByCode(FF75DDE0-B2C1-4F00-BE5C-7474F641FA39) - begin 
{2017/05/29 12:11:46} [Info] PagSeguroTransactionSearchService.SearchByCode(transactionCode=FF75DDE0-B2C1-4F00-BE5C-7474F641FA39) - end Transaction: array (
  'code' => 'FF75DDE0-B2C1-4F00-BE5C-7474F641FA39',
  'email' => 'andre.ribeiro@engnetconsultoria.com.br',
  'date' => '2017-05-10T19:57:51.000-03:00',
  'reference' => NULL,
  'status' => '7',
  'itemsCount' => 1,
) 
{2017/05/29 12:13:08} [Info] PagSeguroTransactionSearchService.SearchByDate(initialDate=2017-04-29T12:13:08, finalDate=2017-05-29T12:13:08) - begin 
{2017/05/29 12:13:09} [Info] PagSeguroTransactionSearchService.SearchByDate(initialDate=2017-04-29T12:13:08, finalDate=2017-05-29T12:13:08) - end PagSeguroSearchResult: array (
  'Date' => '2017-05-29T12:13:09.000-03:00',
  'CurrentPage' => '1',
  'TotalPages' => '1',
  'Results in this page' => '1',
) 
{2017/05/29 12:13:09} [Info] PagSeguroTransactionSearchService.SearchByCode(FF75DDE0-B2C1-4F00-BE5C-7474F641FA39) - begin 
{2017/05/29 12:13:10} [Info] PagSeguroTransactionSearchService.SearchByCode(transactionCode=FF75DDE0-B2C1-4F00-BE5C-7474F641FA39) - end Transaction: array (
  'code' => 'FF75DDE0-B2C1-4F00-BE5C-7474F641FA39',
  'email' => 'andre.ribeiro@engnetconsultoria.com.br',
  'date' => '2017-05-10T19:57:51.000-03:00',
  'reference' => NULL,
  'status' => '7',
  'itemsCount' => 1,
) 
{2017/05/29 12:14:25} [Info] PagSeguroTransactionSearchService.SearchByDate(initialDate=2017-04-29T12:14:25, finalDate=2017-05-29T12:14:25) - begin 
{2017/05/29 12:14:25} [Info] PagSeguroTransactionSearchService.SearchByDate(initialDate=2017-04-29T12:14:25, finalDate=2017-05-29T12:14:25) - end PagSeguroSearchResult: array (
  'Date' => '2017-05-29T12:14:25.000-03:00',
  'CurrentPage' => '1',
  'TotalPages' => '1',
  'Results in this page' => '1',
) 
{2017/05/29 12:14:25} [Info] PagSeguroTransactionSearchService.SearchByCode(FF75DDE0-B2C1-4F00-BE5C-7474F641FA39) - begin 
{2017/05/29 12:14:26} [Info] PagSeguroTransactionSearchService.SearchByCode(transactionCode=FF75DDE0-B2C1-4F00-BE5C-7474F641FA39) - end Transaction: array (
  'code' => 'FF75DDE0-B2C1-4F00-BE5C-7474F641FA39',
  'email' => 'andre.ribeiro@engnetconsultoria.com.br',
  'date' => '2017-05-10T19:57:51.000-03:00',
  'reference' => NULL,
  'status' => '7',
  'itemsCount' => 1,
) 
{2017/05/29 12:16:09} [Info] PagSeguroTransactionSearchService.SearchByDate(initialDate=2017-04-29T12:16:09, finalDate=2017-05-29T12:16:09) - begin 
{2017/05/29 12:16:09} [Info] PagSeguroTransactionSearchService.SearchByDate(initialDate=2017-04-29T12:16:09, finalDate=2017-05-29T12:16:09) - end PagSeguroSearchResult: array (
  'Date' => '2017-05-29T12:16:09.000-03:00',
  'CurrentPage' => '1',
  'TotalPages' => '1',
  'Results in this page' => '1',
) 
{2017/05/29 12:16:09} [Info] PagSeguroTransactionSearchService.SearchByCode(FF75DDE0-B2C1-4F00-BE5C-7474F641FA39) - begin 
{2017/05/29 12:16:10} [Info] PagSeguroTransactionSearchService.SearchByCode(transactionCode=FF75DDE0-B2C1-4F00-BE5C-7474F641FA39) - end Transaction: array (
  'code' => 'FF75DDE0-B2C1-4F00-BE5C-7474F641FA39',
  'email' => 'andre.ribeiro@engnetconsultoria.com.br',
  'date' => '2017-05-10T19:57:51.000-03:00',
  'reference' => NULL,
  'status' => '7',
  'itemsCount' => 1,
) 
{2017/05/29 12:18:12} [Info] PagSeguroTransactionSearchService.SearchByDate(initialDate=2017-04-29T12:18:12, finalDate=2017-05-29T12:18:12) - begin 
{2017/05/29 12:18:13} [Info] PagSeguroTransactionSearchService.SearchByDate(initialDate=2017-04-29T12:18:12, finalDate=2017-05-29T12:18:12) - end PagSeguroSearchResult: array (
  'Date' => '2017-05-29T12:18:13.000-03:00',
  'CurrentPage' => '1',
  'TotalPages' => '1',
  'Results in this page' => '1',
) 
{2017/05/29 12:18:13} [Info] PagSeguroTransactionSearchService.SearchByCode(FF75DDE0-B2C1-4F00-BE5C-7474F641FA39) - begin 
{2017/05/29 12:18:13} [Info] PagSeguroTransactionSearchService.SearchByCode(transactionCode=FF75DDE0-B2C1-4F00-BE5C-7474F641FA39) - end Transaction: array (
  'code' => 'FF75DDE0-B2C1-4F00-BE5C-7474F641FA39',
  'email' => 'andre.ribeiro@engnetconsultoria.com.br',
  'date' => '2017-05-10T19:57:51.000-03:00',
  'reference' => NULL,
  'status' => '7',
  'itemsCount' => 1,
) 
{2017/05/29 14:41:42} [Info] PagSeguroTransactionSearchService.SearchByDate(initialDate=2017-04-29T14:41:42, finalDate=2017-05-29T14:41:42) - begin 
{2017/05/29 14:41:43} [Info] PagSeguroTransactionSearchService.SearchByDate(initialDate=2017-04-29T14:41:42, finalDate=2017-05-29T14:41:42) - end PagSeguroSearchResult: array (
  'Date' => '2017-05-29T14:41:42.000-03:00',
  'CurrentPage' => '1',
  'TotalPages' => '1',
  'Results in this page' => '1',
) 
{2017/05/29 14:41:43} [Info] PagSeguroTransactionSearchService.SearchByCode(FF75DDE0-B2C1-4F00-BE5C-7474F641FA39) - begin 
{2017/05/29 14:41:43} [Info] PagSeguroTransactionSearchService.SearchByCode(transactionCode=FF75DDE0-B2C1-4F00-BE5C-7474F641FA39) - end Transaction: array (
  'code' => 'FF75DDE0-B2C1-4F00-BE5C-7474F641FA39',
  'email' => 'andre.ribeiro@engnetconsultoria.com.br',
  'date' => '2017-05-10T19:57:51.000-03:00',
  'reference' => NULL,
  'status' => '7',
  'itemsCount' => 1,
) 
{2017/05/29 14:49:13} [Info] PagSeguroTransactionSearchService.SearchByDate(initialDate=2017-04-29T14:49:13, finalDate=2017-05-29T14:49:13) - begin 
{2017/05/29 14:49:14} [Info] PagSeguroTransactionSearchService.SearchByDate(initialDate=2017-04-29T14:49:13, finalDate=2017-05-29T14:49:13) - end PagSeguroSearchResult: array (
  'Date' => '2017-05-29T14:49:14.000-03:00',
  'CurrentPage' => '1',
  'TotalPages' => '1',
  'Results in this page' => '1',
) 
{2017/05/29 14:49:14} [Info] PagSeguroTransactionSearchService.SearchByCode(FF75DDE0-B2C1-4F00-BE5C-7474F641FA39) - begin 
{2017/05/29 14:49:14} [Info] PagSeguroTransactionSearchService.SearchByCode(transactionCode=FF75DDE0-B2C1-4F00-BE5C-7474F641FA39) - end Transaction: array (
  'code' => 'FF75DDE0-B2C1-4F00-BE5C-7474F641FA39',
  'email' => 'andre.ribeiro@engnetconsultoria.com.br',
  'date' => '2017-05-10T19:57:51.000-03:00',
  'reference' => NULL,
  'status' => '7',
  'itemsCount' => 1,
) 
{2017/05/29 14:49:20} [Info] PagSeguroTransactionSearchService.SearchByDate(initialDate=2017-04-29T14:49:20, finalDate=2017-05-29T14:49:20) - begin 
{2017/05/29 14:49:20} [Info] PagSeguroTransactionSearchService.SearchByDate(initialDate=2017-04-29T14:49:20, finalDate=2017-05-29T14:49:20) - end PagSeguroSearchResult: array (
  'Date' => '2017-05-29T14:49:20.000-03:00',
  'CurrentPage' => '1',
  'TotalPages' => '1',
  'Results in this page' => '1',
) 
{2017/05/29 14:49:20} [Info] PagSeguroTransactionSearchService.SearchByCode(FF75DDE0-B2C1-4F00-BE5C-7474F641FA39) - begin 
{2017/05/29 14:49:21} [Info] PagSeguroTransactionSearchService.SearchByCode(transactionCode=FF75DDE0-B2C1-4F00-BE5C-7474F641FA39) - end Transaction: array (
  'code' => 'FF75DDE0-B2C1-4F00-BE5C-7474F641FA39',
  'email' => 'andre.ribeiro@engnetconsultoria.com.br',
  'date' => '2017-05-10T19:57:51.000-03:00',
  'reference' => NULL,
  'status' => '7',
  'itemsCount' => 1,
) 
{2017/05/29 14:49:24} [Info] PagSeguroTransactionSearchService.SearchByDate(initialDate=2017-04-29T14:49:24, finalDate=2017-05-29T14:49:24) - begin 
{2017/05/29 14:49:24} [Info] PagSeguroTransactionSearchService.SearchByDate(initialDate=2017-04-29T14:49:24, finalDate=2017-05-29T14:49:24) - end PagSeguroSearchResult: array (
  'Date' => '2017-05-29T14:49:24.000-03:00',
  'CurrentPage' => '1',
  'TotalPages' => '1',
  'Results in this page' => '1',
) 
{2017/05/29 14:49:24} [Info] PagSeguroTransactionSearchService.SearchByCode(FF75DDE0-B2C1-4F00-BE5C-7474F641FA39) - begin 
{2017/05/29 14:49:25} [Info] PagSeguroTransactionSearchService.SearchByCode(transactionCode=FF75DDE0-B2C1-4F00-BE5C-7474F641FA39) - end Transaction: array (
  'code' => 'FF75DDE0-B2C1-4F00-BE5C-7474F641FA39',
  'email' => 'andre.ribeiro@engnetconsultoria.com.br',
  'date' => '2017-05-10T19:57:51.000-03:00',
  'reference' => NULL,
  'status' => '7',
  'itemsCount' => 1,
) 
{2017/05/29 14:49:46} [Info] PagSeguroTransactionSearchService.SearchByDate(initialDate=2017-04-29T14:49:46, finalDate=2017-05-29T14:49:46) - begin 
{2017/05/29 14:49:46} [Info] PagSeguroTransactionSearchService.SearchByDate(initialDate=2017-04-29T14:49:46, finalDate=2017-05-29T14:49:46) - end PagSeguroSearchResult: array (
  'Date' => '2017-05-29T14:49:46.000-03:00',
  'CurrentPage' => '1',
  'TotalPages' => '1',
  'Results in this page' => '1',
) 
{2017/05/29 14:49:46} [Info] PagSeguroTransactionSearchService.SearchByCode(FF75DDE0-B2C1-4F00-BE5C-7474F641FA39) - begin 
{2017/05/29 14:49:46} [Info] PagSeguroTransactionSearchService.SearchByCode(transactionCode=FF75DDE0-B2C1-4F00-BE5C-7474F641FA39) - end Transaction: array (
  'code' => 'FF75DDE0-B2C1-4F00-BE5C-7474F641FA39',
  'email' => 'andre.ribeiro@engnetconsultoria.com.br',
  'date' => '2017-05-10T19:57:51.000-03:00',
  'reference' => NULL,
  'status' => '7',
  'itemsCount' => 1,
) 
{2017/05/29 14:49:55} [Info] PagSeguroTransactionSearchService.SearchByDate(initialDate=2017-04-29T14:49:55, finalDate=2017-05-29T14:49:55) - begin 
{2017/05/29 14:49:56} [Info] PagSeguroTransactionSearchService.SearchByDate(initialDate=2017-04-29T14:49:55, finalDate=2017-05-29T14:49:55) - end PagSeguroSearchResult: array (
  'Date' => '2017-05-29T14:49:56.000-03:00',
  'CurrentPage' => '1',
  'TotalPages' => '1',
  'Results in this page' => '1',
) 
{2017/05/29 14:49:56} [Info] PagSeguroTransactionSearchService.SearchByCode(FF75DDE0-B2C1-4F00-BE5C-7474F641FA39) - begin 
{2017/05/29 14:49:56} [Info] PagSeguroTransactionSearchService.SearchByCode(transactionCode=FF75DDE0-B2C1-4F00-BE5C-7474F641FA39) - end Transaction: array (
  'code' => 'FF75DDE0-B2C1-4F00-BE5C-7474F641FA39',
  'email' => 'andre.ribeiro@engnetconsultoria.com.br',
  'date' => '2017-05-10T19:57:51.000-03:00',
  'reference' => NULL,
  'status' => '7',
  'itemsCount' => 1,
) 
{2017/05/31 00:25:10} [Info] PagSeguroTransactionSearchService.SearchByDate(initialDate=2017-05-01T00:25:10, finalDate=2017-05-31T00:25:10) - begin 
{2017/05/31 00:25:11} [Error] PagSeguroTransactionSearchService.SearchByDate(initialDate=2017-05-01T00:25:10, finalDate=2017-05-31T00:25:10) - end [HTTP 401] - UNAUTHORIZED  
{2017/05/31 00:27:01} [Info] PagSeguroTransactionSearchService.SearchByDate(initialDate=2017-05-01T00:27:01, finalDate=2017-05-31T00:27:01) - begin 
{2017/05/31 00:27:02} [Error] PagSeguroTransactionSearchService.SearchByDate(initialDate=2017-05-01T00:27:01, finalDate=2017-05-31T00:27:01) - end [HTTP 401] - UNAUTHORIZED  
{2017/05/31 00:28:18} [Info] PagSeguroTransactionSearchService.SearchByDate(initialDate=2017-05-01T00:28:18, finalDate=2017-05-31T00:28:18) - begin 
{2017/05/31 00:28:19} [Info] PagSeguroTransactionSearchService.SearchByDate(initialDate=2017-05-01T00:28:18, finalDate=2017-05-31T00:28:18) - end PagSeguroSearchResult: array (
  'Date' => '2017-05-31T00:28:19.000-03:00',
  'CurrentPage' => '1',
  'TotalPages' => '1',
  'Results in this page' => '1',
) 
{2017/05/31 00:28:19} [Info] PagSeguroTransactionSearchService.SearchByCode(FF75DDE0-B2C1-4F00-BE5C-7474F641FA39) - begin 
{2017/05/31 00:28:19} [Info] PagSeguroTransactionSearchService.SearchByCode(transactionCode=FF75DDE0-B2C1-4F00-BE5C-7474F641FA39) - end Transaction: array (
  'code' => 'FF75DDE0-B2C1-4F00-BE5C-7474F641FA39',
  'email' => 'andre.ribeiro@engnetconsultoria.com.br',
  'date' => '2017-05-10T19:57:51.000-03:00',
  'reference' => NULL,
  'status' => '7',
  'itemsCount' => 1,
) 
{2017/05/31 14:00:19} [Info] PagSeguroTransactionSearchService.SearchByDate(initialDate=2017-05-01T14:00:19, finalDate=2017-05-31T14:00:19) - begin 
{2017/05/31 14:00:20} [Error] PagSeguroTransactionSearchService.SearchByDate(initialDate=2017-05-01T14:00:19, finalDate=2017-05-31T14:00:19) - end [HTTP 401] - UNAUTHORIZED  
{2017/05/31 14:00:22} [Info] PagSeguroTransactionSearchService.SearchByDate(initialDate=2017-05-01T14:00:22, finalDate=2017-05-31T14:00:22) - begin 
{2017/05/31 14:00:22} [Error] PagSeguroTransactionSearchService.SearchByDate(initialDate=2017-05-01T14:00:22, finalDate=2017-05-31T14:00:22) - end [HTTP 401] - UNAUTHORIZED  
{2017/05/31 14:01:24} [Info] PagSeguroTransactionSearchService.SearchByDate(initialDate=2017-05-01T14:01:24, finalDate=2017-05-31T14:01:24) - begin 
{2017/05/31 14:01:25} [Info] PagSeguroTransactionSearchService.SearchByDate(initialDate=2017-05-01T14:01:24, finalDate=2017-05-31T14:01:24) - end PagSeguroSearchResult: array (
  'Date' => '2017-05-31T14:01:24.000-03:00',
  'CurrentPage' => '1',
  'TotalPages' => '1',
  'Results in this page' => '2',
) 
{2017/05/31 14:01:25} [Info] PagSeguroTransactionSearchService.SearchByCode(75B0D1B8-3406-4A4C-B7CD-D8133A66C73C) - begin 
{2017/05/31 14:01:26} [Info] PagSeguroTransactionSearchService.SearchByCode(transactionCode=75B0D1B8-3406-4A4C-B7CD-D8133A66C73C) - end Transaction: array (
  'code' => '75B0D1B8-3406-4A4C-B7CD-D8133A66C73C',
  'email' => 'bamidele.lucas@gmail.com',
  'date' => '2017-05-31T13:56:52.000-03:00',
  'reference' => '14/0150498',
  'status' => '3',
  'itemsCount' => 1,
) 
{2017/05/31 14:01:26} [Info] PagSeguroTransactionSearchService.SearchByCode(FF75DDE0-B2C1-4F00-BE5C-7474F641FA39) - begin 
{2017/05/31 14:01:26} [Info] PagSeguroTransactionSearchService.SearchByCode(transactionCode=FF75DDE0-B2C1-4F00-BE5C-7474F641FA39) - end Transaction: array (
  'code' => 'FF75DDE0-B2C1-4F00-BE5C-7474F641FA39',
  'email' => 'andre.ribeiro@engnetconsultoria.com.br',
  'date' => '2017-05-10T19:57:51.000-03:00',
  'reference' => NULL,
  'status' => '7',
  'itemsCount' => 1,
) 
{2017/05/31 14:10:11} [Info] PagSeguroTransactionSearchService.SearchByDate(initialDate=2017-05-01T14:10:11, finalDate=2017-05-31T14:10:11) - begin 
{2017/05/31 14:10:12} [Info] PagSeguroTransactionSearchService.SearchByDate(initialDate=2017-05-01T14:10:11, finalDate=2017-05-31T14:10:11) - end PagSeguroSearchResult: array (
  'Date' => '2017-05-31T14:10:11.000-03:00',
  'CurrentPage' => '1',
  'TotalPages' => '1',
  'Results in this page' => '2',
) 
{2017/05/31 14:10:12} [Info] PagSeguroTransactionSearchService.SearchByCode(75B0D1B8-3406-4A4C-B7CD-D8133A66C73C) - begin 
{2017/05/31 14:10:13} [Info] PagSeguroTransactionSearchService.SearchByCode(transactionCode=75B0D1B8-3406-4A4C-B7CD-D8133A66C73C) - end Transaction: array (
  'code' => '75B0D1B8-3406-4A4C-B7CD-D8133A66C73C',
  'email' => 'bamidele.lucas@gmail.com',
  'date' => '2017-05-31T13:56:52.000-03:00',
  'reference' => '14/0150498',
  'status' => '3',
  'itemsCount' => 1,
) 
{2017/05/31 14:10:13} [Info] PagSeguroTransactionSearchService.SearchByCode(FF75DDE0-B2C1-4F00-BE5C-7474F641FA39) - begin 
{2017/05/31 14:10:14} [Info] PagSeguroTransactionSearchService.SearchByCode(transactionCode=FF75DDE0-B2C1-4F00-BE5C-7474F641FA39) - end Transaction: array (
  'code' => 'FF75DDE0-B2C1-4F00-BE5C-7474F641FA39',
  'email' => 'andre.ribeiro@engnetconsultoria.com.br',
  'date' => '2017-05-10T19:57:51.000-03:00',
  'reference' => NULL,
  'status' => '7',
  'itemsCount' => 1,
) 
{2017/06/05 17:27:02} [Info] PagSeguroTransactionSearchService.SearchByDate(initialDate=2017-05-06T17:27:02, finalDate=2017-06-05T17:27:02) - begin 
{2017/06/05 17:27:02} [Error] PagSeguroTransactionSearchService.SearchByDate(initialDate=2017-05-06T17:27:02, finalDate=2017-06-05T17:27:02) - end [HTTP 401] - UNAUTHORIZED  
{2017/06/26 15:25:34} [Info] PagSeguroTransactionSearchService.SearchByDate(initialDate=2017-05-27T15:25:34, finalDate=2017-06-26T15:25:34) - begin 
{2017/06/26 15:25:37} [Info] PagSeguroTransactionSearchService.SearchByDate(initialDate=2017-05-27T15:25:34, finalDate=2017-06-26T15:25:34) - end PagSeguroSearchResult: array (
  'Date' => '2017-06-26T15:25:37.000-03:00',
  'CurrentPage' => '1',
  'TotalPages' => '1',
  'Results in this page' => '1',
) 
{2017/06/26 15:25:37} [Info] PagSeguroTransactionSearchService.SearchByCode(75B0D1B8-3406-4A4C-B7CD-D8133A66C73C) - begin 
{2017/06/26 15:25:39} [Info] PagSeguroTransactionSearchService.SearchByCode(transactionCode=75B0D1B8-3406-4A4C-B7CD-D8133A66C73C) - end Transaction: array (
  'code' => '75B0D1B8-3406-4A4C-B7CD-D8133A66C73C',
  'email' => 'bamidele.lucas@gmail.com',
  'date' => '2017-05-31T13:56:52.000-03:00',
  'reference' => '14/0150498',
  'status' => '3',
  'itemsCount' => 1,
) 
{2017/06/26 15:25:39} [Info] PagSeguroTransactionSearchService.SearchByDate(initialDate=2017-05-27T15:25:34, finalDate=2017-06-26T15:25:34) - begin 
{2017/06/26 15:25:42} [Info] PagSeguroTransactionSearchService.SearchByDate(initialDate=2017-05-27T15:25:34, finalDate=2017-06-26T15:25:34) - end PagSeguroSearchResult: array (
  'Date' => '2017-06-26T15:25:42.000-03:00',
  'CurrentPage' => '1',
  'TotalPages' => '1',
  'Results in this page' => '1',
) 
{2017/06/26 15:25:42} [Info] PagSeguroTransactionSearchService.SearchByCode(75B0D1B8-3406-4A4C-B7CD-D8133A66C73C) - begin 
{2017/06/26 15:25:45} [Info] PagSeguroTransactionSearchService.SearchByCode(transactionCode=75B0D1B8-3406-4A4C-B7CD-D8133A66C73C) - end Transaction: array (
  'code' => '75B0D1B8-3406-4A4C-B7CD-D8133A66C73C',
  'email' => 'bamidele.lucas@gmail.com',
  'date' => '2017-05-31T13:56:52.000-03:00',
  'reference' => '14/0150498',
  'status' => '3',
  'itemsCount' => 1,
) 
{2017/06/26 15:26:36} [Info] PagSeguroTransactionSearchService.SearchByDate(initialDate=2017-05-27T15:26:36, finalDate=2017-06-26T15:26:36) - begin 
{2017/06/26 15:26:38} [Info] PagSeguroTransactionSearchService.SearchByDate(initialDate=2017-05-27T15:26:36, finalDate=2017-06-26T15:26:36) - end PagSeguroSearchResult: array (
  'Date' => '2017-06-26T15:26:38.000-03:00',
  'CurrentPage' => '1',
  'TotalPages' => '1',
  'Results in this page' => '1',
) 
{2017/06/26 15:26:38} [Info] PagSeguroTransactionSearchService.SearchByCode(75B0D1B8-3406-4A4C-B7CD-D8133A66C73C) - begin 
{2017/06/26 15:26:41} [Info] PagSeguroTransactionSearchService.SearchByCode(transactionCode=75B0D1B8-3406-4A4C-B7CD-D8133A66C73C) - end Transaction: array (
  'code' => '75B0D1B8-3406-4A4C-B7CD-D8133A66C73C',
  'email' => 'bamidele.lucas@gmail.com',
  'date' => '2017-05-31T13:56:52.000-03:00',
  'reference' => '14/0150498',
  'status' => '3',
  'itemsCount' => 1,
) 
