{2017/05/18 19:45:23} [Info] PagSeguroTransactionSearchService.SearchByDate(initialDate=2016-04-01T00:00, finalDate=2016-05-20T00:00) - begin 
{2017/05/18 19:45:24} [Error] PagSeguroTransactionSearchService.SearchByDate(initialDate=2016-04-01T00:00, finalDate=2016-05-20T00:00) - end [HTTP 400] - BAD_REQUEST 0 [11046] - initialDate must not be older than 6 months.1 [11048] - search interval must be lower than or equal 30 days. 
{2017/05/18 19:46:12} [Info] PagSeguroTransactionSearchService.SearchByDate(initialDate=2017-04-21T00:00, finalDate=2017-05-20T00:00) - begin 
{2017/05/18 19:46:13} [Error] PagSeguroTransactionSearchService.SearchByDate(initialDate=2017-04-21T00:00, finalDate=2017-05-20T00:00) - end [HTTP 400] - BAD_REQUEST 0 [13009] - finalDate must be lower than allowed limit. 
{2017/05/18 19:47:00} [Info] PagSeguroTransactionSearchService.SearchByDate(initialDate=2017-04-20T00:00, finalDate=2017-05-15T00:00) - begin 
{2017/05/18 19:47:05} [Info] PagSeguroTransactionSearchService.SearchByDate(initialDate=2017-04-20T00:00, finalDate=2017-05-15T00:00) - end PagSeguroSearchResult: array (
  'Date' => '2017-05-18T14:47:01.000-03:00',
  'CurrentPage' => '1',
  'TotalPages' => '1',
  'Results in this page' => '5',
) 
{2017/05/18 19:55:00} [Info] PagSeguroTransactionSearchService.SearchByDate(initialDate=2017-04-20T00:00, finalDate=2017-05-15T00:00) - begin 
{2017/05/18 19:55:01} [Info] PagSeguroTransactionSearchService.SearchByDate(initialDate=2017-04-20T00:00, finalDate=2017-05-15T00:00) - end PagSeguroSearchResult: array (
  'Date' => '2017-05-18T14:54:58.000-03:00',
  'CurrentPage' => '1',
  'TotalPages' => '1',
  'Results in this page' => '5',
) 
{2017/05/18 19:56:25} [Info] PagSeguroTransactionSearchService.SearchByDate(initialDate=2017-04-20T00:00, finalDate=2017-05-15T00:00) - begin 
{2017/05/18 19:56:27} [Info] PagSeguroTransactionSearchService.SearchByDate(initialDate=2017-04-20T00:00, finalDate=2017-05-15T00:00) - end PagSeguroSearchResult: array (
  'Date' => '2017-05-18T14:56:24.000-03:00',
  'CurrentPage' => '1',
  'TotalPages' => '1',
  'Results in this page' => '5',
) 
{2017/05/18 20:00:35} [Info] PagSeguroTransactionSearchService.SearchByDate(initialDate=2017-04-20T00:00, finalDate=2017-05-15T00:00) - begin 
{2017/05/18 20:00:45} [Info] PagSeguroTransactionSearchService.SearchByDate(initialDate=2017-04-20T00:00, finalDate=2017-05-15T00:00) - end PagSeguroSearchResult: array (
  'Date' => '2017-05-18T15:00:42.000-03:00',
  'CurrentPage' => '1',
  'TotalPages' => '1',
  'Results in this page' => '5',
) 
{2017/05/18 20:02:17} [Info] PagSeguroTransactionSearchService.SearchByDate(initialDate=2017-04-20T00:00, finalDate=2017-05-15T00:00) - begin 
{2017/05/18 20:02:28} [Info] PagSeguroTransactionSearchService.SearchByDate(initialDate=2017-04-20T00:00, finalDate=2017-05-15T00:00) - end PagSeguroSearchResult: array (
  'Date' => '2017-05-18T15:02:23.000-03:00',
  'CurrentPage' => '1',
  'TotalPages' => '1',
  'Results in this page' => '5',
) 
{2017/05/18 20:21:58} [Info] PagSeguroTransactionSearchService.SearchByDate(initialDate=2017-04-20T00:00, finalDate=2017-05-15T00:00) - begin 
{2017/05/18 20:22:11} [Info] PagSeguroTransactionSearchService.SearchByDate(initialDate=2017-04-20T00:00, finalDate=2017-05-15T00:00) - end PagSeguroSearchResult: array (
  'Date' => '2017-05-18T15:22:07.000-03:00',
  'CurrentPage' => '1',
  'TotalPages' => '1',
  'Results in this page' => '5',
) 
{2017/05/18 20:24:26} [Info] PagSeguroTransactionSearchService.SearchByDate(initialDate=2017-04-20T00:00, finalDate=2017-05-15T00:00) - begin 
{2017/05/18 20:24:34} [Info] PagSeguroTransactionSearchService.SearchByDate(initialDate=2017-04-20T00:00, finalDate=2017-05-15T00:00) - end PagSeguroSearchResult: array (
  'Date' => '2017-05-18T15:24:31.000-03:00',
  'CurrentPage' => '1',
  'TotalPages' => '1',
  'Results in this page' => '5',
) 
{2017/05/18 20:25:23} [Info] PagSeguroTransactionSearchService.SearchByDate(initialDate=2017-04-20T00:00, finalDate=2017-05-15T00:00) - begin 
{2017/05/18 20:25:33} [Info] PagSeguroTransactionSearchService.SearchByDate(initialDate=2017-04-20T00:00, finalDate=2017-05-15T00:00) - end PagSeguroSearchResult: array (
  'Date' => '2017-05-18T15:25:29.000-03:00',
  'CurrentPage' => '1',
  'TotalPages' => '1',
  'Results in this page' => '5',
) 
{2017/05/18 20:26:56} [Info] PagSeguroTransactionSearchService.SearchByDate(initialDate=2017-04-20T00:00, finalDate=2017-05-15T00:00) - begin 
{2017/05/18 20:27:03} [Info] PagSeguroTransactionSearchService.SearchByDate(initialDate=2017-04-20T00:00, finalDate=2017-05-15T00:00) - end PagSeguroSearchResult: array (
  'Date' => '2017-05-18T15:26:59.000-03:00',
  'CurrentPage' => '1',
  'TotalPages' => '1',
  'Results in this page' => '5',
) 
{2017/05/18 20:52:38} [Info] PagSeguroTransactionSearchService.SearchByDate(initialDate=2017-04-20T00:00, finalDate=2017-05-15T00:00) - begin 
{2017/05/18 20:52:40} [Info] PagSeguroTransactionSearchService.SearchByDate(initialDate=2017-04-20T00:00, finalDate=2017-05-15T00:00) - end PagSeguroSearchResult: array (
  'Date' => '2017-05-18T15:52:37.000-03:00',
  'CurrentPage' => '1',
  'TotalPages' => '1',
  'Results in this page' => '5',
) 
{2017/05/18 21:17:27} [Info] PagSeguroTransactionSearchService.SearchByDate(initialDate=, finalDate=2017-05-15T00:00) - begin 
{2017/05/18 21:17:27} [Error] Exception: CURL can't connect: Could not resolve host: ws.pagseguro.uol.com.br 
{2017/05/18 21:17:54} [Info] PagSeguroTransactionSearchService.SearchByDate(initialDate=, finalDate=2017-05-15T00:00) - begin 
{2017/05/18 21:17:54} [Error] Exception: CURL can't connect: Could not resolve host: ws.pagseguro.uol.com.br 
{2017/05/18 21:18:36} [Info] PagSeguroTransactionSearchService.SearchByDate(initialDate=, finalDate=2017-05-15T00:00) - begin 
{2017/05/18 21:18:36} [Error] Exception: CURL can't connect: Could not resolve host: ws.pagseguro.uol.com.br 
{2017/05/18 21:18:54} [Info] PagSeguroTransactionSearchService.SearchByDate(initialDate=, finalDate=2017-05-15T00:00) - begin 
{2017/05/18 21:18:54} [Error] Exception: CURL can't connect: Could not resolve host: ws.pagseguro.uol.com.br 
{2017/05/18 21:19:30} [Info] PagSeguroTransactionSearchService.SearchByDate(initialDate=, finalDate=2017-05-15T00:00) - begin 
{2017/05/18 21:19:30} [Error] Exception: CURL can't connect: Could not resolve host: ws.pagseguro.uol.com.br 
{2017/05/18 21:21:28} [Info] PagSeguroTransactionSearchService.SearchByDate(initialDate=$teste, finalDate=2017-05-15T00:00) - begin 
{2017/05/18 21:21:28} [Error] Exception: CURL can't connect: Could not resolve host: ws.pagseguro.uol.com.br 
{2017/05/18 21:21:52} [Info] PagSeguroTransactionSearchService.SearchByDate(initialDate=$teste, finalDate=2017-05-15T00:00) - begin 
{2017/05/18 21:21:52} [Error] Exception: CURL can't connect: Could not resolve host: ws.pagseguro.uol.com.br 
{2017/05/18 21:22:00} [Info] PagSeguroTransactionSearchService.SearchByDate(initialDate=$teste, finalDate=2017-05-15T00:00) - begin 
{2017/05/18 21:22:00} [Error] Exception: CURL can't connect: Could not resolve host: ws.pagseguro.uol.com.br 
{2017/05/18 21:24:38} [Info] PagSeguroTransactionSearchService.SearchByDate(initialDate=$teste, finalDate=2017-05-15T00:00) - begin 
{2017/05/18 21:24:38} [Error] Exception: CURL can't connect: Could not resolve host: ws.pagseguro.uol.com.br 
{2017/05/18 21:24:48} [Info] PagSeguroTransactionSearchService.SearchByDate(initialDate=$teste, finalDate=2017-05-15T00:00) - begin 
{2017/05/18 21:24:48} [Error] Exception: CURL can't connect: Could not resolve host: ws.pagseguro.uol.com.br 
{2017/05/18 21:25:02} [Info] PagSeguroTransactionSearchService.SearchByDate(initialDate=$teste, finalDate=2017-05-15T00:00) - begin 
{2017/05/18 21:25:02} [Error] Exception: CURL can't connect: Could not resolve host: ws.pagseguro.uol.com.br 
{2017/05/18 21:27:34} [Info] PagSeguroTransactionSearchService.SearchByDate(initialDate=$teste, finalDate=2017-05-15T00:00) - begin 
{2017/05/18 21:27:34} [Error] Exception: CURL can't connect: Could not resolve host: ws.pagseguro.uol.com.br 
{2017/05/18 21:30:07} [Info] PagSeguroTransactionSearchService.SearchByDate(initialDate=2017-04-15T00:00, finalDate=2017-05-15T00:00) - begin 
{2017/05/18 21:30:07} [Error] Exception: CURL can't connect: Could not resolve host: ws.pagseguro.uol.com.br 
{2017/05/18 21:30:33} [Info] PagSeguroTransactionSearchService.SearchByDate(initialDate=2017-04-15T00:00, finalDate=2017-05-15T00:00) - begin 
{2017/05/18 21:30:33} [Error] Exception: CURL can't connect: Could not resolve host: ws.pagseguro.uol.com.br 
{2017/05/18 21:30:47} [Info] PagSeguroTransactionSearchService.SearchByDate(initialDate=2017-04-15T00:00, finalDate=2017-05-15T00:00) - begin 
{2017/05/18 21:30:47} [Error] Exception: CURL can't connect: Could not resolve host: ws.pagseguro.uol.com.br 
{2017/05/18 21:31:22} [Info] PagSeguroTransactionSearchService.SearchByDate(initialDate=2017-04-15T00:00, finalDate=2017-05-15T00:00) - begin 
{2017/05/18 21:31:22} [Error] Exception: CURL can't connect: Could not resolve host: ws.pagseguro.uol.com.br 
{2017/05/18 21:32:29} [Info] PagSeguroTransactionSearchService.SearchByDate(initialDate=2017-04-15T00:00, finalDate=2017-05-15T00:00) - begin 
{2017/05/18 21:32:29} [Error] Exception: CURL can't connect: Could not resolve host: ws.pagseguro.uol.com.br 
{2017/05/18 21:33:35} [Info] PagSeguroTransactionSearchService.SearchByDate(initialDate=2017-04-15T00:00, finalDate=2017-05-15T00:00) - begin 
{2017/05/18 21:33:35} [Error] Exception: CURL can't connect: Could not resolve host: ws.pagseguro.uol.com.br 
{2017/05/18 21:40:28} [Info] PagSeguroTransactionSearchService.SearchByDate(initialDate=2014-11-01T14:55, finalDate=2014-11-30T09:55) - begin 
{2017/05/18 21:40:28} [Error] Exception: CURL can't connect: Could not resolve host: ws.pagseguro.uol.com.br 
{2017/05/18 21:44:28} [Info] PagSeguroTransactionSearchService.SearchByDate(initialDate=2014-11-01T14:55, finalDate=2014-11-30T09:55) - begin 
{2017/05/18 21:44:29} [Error] PagSeguroTransactionSearchService.SearchByDate(initialDate=2014-11-01T14:55, finalDate=2014-11-30T09:55) - end [HTTP 400] - BAD_REQUEST 0 [11046] - initialDate must not be older than 6 months. 
{2017/05/18 21:49:54} [Info] PagSeguroTransactionSearchService.SearchByDate(initialDate=$teste, finalDate=2016-05-15T00:00) - begin 
{2017/05/18 21:49:55} [Error] PagSeguroTransactionSearchService.SearchByDate(initialDate=$teste, finalDate=2016-05-15T00:00) - end [HTTP 400] - BAD_REQUEST 0 [13010] - initialDate invalid format, use 'yyyy-MM-ddTHH:mm' (eg. 2010-01-27T17:25). 
{2017/05/18 21:50:45} [Info] PagSeguroTransactionSearchService.SearchByDate(initialDate=$teste, finalDate=2016-05-15T00:00) - begin 
{2017/05/18 21:50:46} [Error] PagSeguroTransactionSearchService.SearchByDate(initialDate=$teste, finalDate=2016-05-15T00:00) - end [HTTP 400] - BAD_REQUEST 0 [13010] - initialDate invalid format, use 'yyyy-MM-ddTHH:mm' (eg. 2010-01-27T17:25). 
{2017/05/18 21:51:02} [Info] PagSeguroTransactionSearchService.SearchByDate(initialDate=$teste, finalDate=2016-05-15T00:00) - begin 
{2017/05/18 21:51:03} [Error] PagSeguroTransactionSearchService.SearchByDate(initialDate=$teste, finalDate=2016-05-15T00:00) - end [HTTP 400] - BAD_REQUEST 0 [13010] - initialDate invalid format, use 'yyyy-MM-ddTHH:mm' (eg. 2010-01-27T17:25). 
{2017/05/18 21:51:51} [Info] PagSeguroTransactionSearchService.SearchByDate(initialDate=, finalDate=2016-05-15T00:00) - begin 
{2017/05/18 21:51:52} [Error] PagSeguroTransactionSearchService.SearchByDate(initialDate=, finalDate=2016-05-15T00:00) - end [HTTP 400] - BAD_REQUEST 0 [13004] - initialDate is required. 
{2017/05/18 21:53:29} [Info] PagSeguroTransactionSearchService.SearchByDate(initialDate=$teste, finalDate=2016-05-15T00:00) - begin 
{2017/05/18 21:53:30} [Error] PagSeguroTransactionSearchService.SearchByDate(initialDate=$teste, finalDate=2016-05-15T00:00) - end [HTTP 400] - BAD_REQUEST 0 [13010] - initialDate invalid format, use 'yyyy-MM-ddTHH:mm' (eg. 2010-01-27T17:25). 
{2017/05/18 21:55:07} [Info] PagSeguroTransactionSearchService.SearchByDate(initialDate=$teste, finalDate=2016-05-15T00:00) - begin 
{2017/05/18 21:55:10} [Error] PagSeguroTransactionSearchService.SearchByDate(initialDate=$teste, finalDate=2016-05-15T00:00) - end [HTTP 400] - BAD_REQUEST 0 [13010] - initialDate invalid format, use 'yyyy-MM-ddTHH:mm' (eg. 2010-01-27T17:25). 
{2017/05/18 21:57:48} [Info] PagSeguroTransactionSearchService.SearchByDate(initialDate=2016-04-16T00:00, finalDate=2016-05-15T00:00) - begin 
{2017/05/18 21:57:49} [Error] PagSeguroTransactionSearchService.SearchByDate(initialDate=2016-04-16T00:00, finalDate=2016-05-15T00:00) - end [HTTP 400] - BAD_REQUEST 0 [11046] - initialDate must not be older than 6 months. 
{2017/05/18 21:58:48} [Info] PagSeguroTransactionSearchService.SearchByDate(initialDate=2017-04-16T00:00, finalDate=2017-05-15T00:00) - begin 
{2017/05/18 21:58:50} [Info] PagSeguroTransactionSearchService.SearchByDate(initialDate=2017-04-16T00:00, finalDate=2017-05-15T00:00) - end PagSeguroSearchResult: array (
  'Date' => '2017-05-18T16:58:47.000-03:00',
  'CurrentPage' => '1',
  'TotalPages' => '1',
  'Results in this page' => '6',
) 
{2017/05/18 22:02:53} [Info] PagSeguroTransactionSearchService.SearchByDate(initialDate=2017-04-16T00:00, finalDate=2017-05-15T00:00) - begin 
{2017/05/18 22:02:56} [Info] PagSeguroTransactionSearchService.SearchByDate(initialDate=2017-04-16T00:00, finalDate=2017-05-15T00:00) - end PagSeguroSearchResult: array (
  'Date' => '2017-05-18T17:02:53.000-03:00',
  'CurrentPage' => '1',
  'TotalPages' => '1',
  'Results in this page' => '6',
) 
{2017/05/18 22:05:03} [Info] PagSeguroTransactionSearchService.SearchByDate(initialDate=2017-04-16T00:00, finalDate=2017-05-15T00:00) - begin 
{2017/05/18 22:05:04} [Info] PagSeguroTransactionSearchService.SearchByDate(initialDate=2017-04-16T00:00, finalDate=2017-05-15T00:00) - end PagSeguroSearchResult: array (
  'Date' => '2017-05-18T17:05:01.000-03:00',
  'CurrentPage' => '1',
  'TotalPages' => '1',
  'Results in this page' => '6',
) 
{2017/05/18 22:06:31} [Info] PagSeguroTransactionSearchService.SearchByDate(initialDate=2017-04-16T00:00, finalDate=2017-05-15T00:00) - begin 
{2017/05/18 22:06:32} [Info] PagSeguroTransactionSearchService.SearchByDate(initialDate=2017-04-16T00:00, finalDate=2017-05-15T00:00) - end PagSeguroSearchResult: array (
  'Date' => '2017-05-18T17:06:29.000-03:00',
  'CurrentPage' => '1',
  'TotalPages' => '1',
  'Results in this page' => '6',
) 
{2017/05/18 22:08:04} [Info] PagSeguroTransactionSearchService.SearchByDate(initialDate=2017-04-16T00:00, finalDate=2017-05-15T00:00) - begin 
{2017/05/18 22:08:08} [Info] PagSeguroTransactionSearchService.SearchByDate(initialDate=2017-04-16T00:00, finalDate=2017-05-15T00:00) - end PagSeguroSearchResult: array (
  'Date' => '2017-05-18T17:08:05.000-03:00',
  'CurrentPage' => '1',
  'TotalPages' => '1',
  'Results in this page' => '6',
) 
{2017/05/18 22:09:53} [Info] PagSeguroTransactionSearchService.SearchByDate(initialDate=2017-04-16T00:00, finalDate=2017-05-15T00:00) - begin 
{2017/05/18 22:09:57} [Info] PagSeguroTransactionSearchService.SearchByDate(initialDate=2017-04-16T00:00, finalDate=2017-05-15T00:00) - end PagSeguroSearchResult: array (
  'Date' => '2017-05-18T17:09:54.000-03:00',
  'CurrentPage' => '1',
  'TotalPages' => '1',
  'Results in this page' => '6',
) 
{2017/05/18 22:14:38} [Info] PagSeguroTransactionSearchService.SearchByDate(initialDate=2017-04-16T00:00, finalDate=2017-05-15T00:00) - begin 
{2017/05/18 22:14:39} [Info] PagSeguroTransactionSearchService.SearchByDate(initialDate=2017-04-16T00:00, finalDate=2017-05-15T00:00) - end PagSeguroSearchResult: array (
  'Date' => '2017-05-18T17:14:36.000-03:00',
  'CurrentPage' => '1',
  'TotalPages' => '1',
  'Results in this page' => '6',
) 
{2017/05/18 22:54:41} [Info] PagSeguroTransactionSearchService.SearchByDate(initialDate=2017-04-16T00:00, finalDate=2017-05-15T00:00) - begin 
{2017/05/18 22:54:42} [Info] PagSeguroTransactionSearchService.SearchByDate(initialDate=2017-04-16T00:00, finalDate=2017-05-15T00:00) - end PagSeguroSearchResult: array (
  'Date' => '2017-05-18T17:54:39.000-03:00',
  'CurrentPage' => '1',
  'TotalPages' => '1',
  'Results in this page' => '6',
) 
{2017/05/22 21:16:16} [Info] PagSeguroTransactionSearchService.SearchByDate(initialDate=2017-04-15T00:00, finalDate=2017-05-15T23:59) - begin 
{2017/05/22 21:16:17} [Info] PagSeguroTransactionSearchService.SearchByDate(initialDate=2017-04-15T00:00, finalDate=2017-05-15T23:59) - end PagSeguroSearchResult: array (
  'Date' => '2017-05-22T16:16:16.000-03:00',
  'CurrentPage' => '1',
  'TotalPages' => '1',
  'Results in this page' => '6',
) 
{2017/05/22 22:57:59} [Info] PagSeguroTransactionSearchService.SearchByDate(initialDate=, finalDate=) - begin 
{2017/05/22 22:58:00} [Error] PagSeguroTransactionSearchService.SearchByDate(initialDate=, finalDate=) - end [HTTP 401] - UNAUTHORIZED  
{2017/05/22 22:58:02} [Info] PagSeguroTransactionSearchService.SearchByDate(initialDate=2017-04-15T00:00, finalDate=2017-05-15T23:59) - begin 
{2017/05/22 22:58:02} [Error] PagSeguroTransactionSearchService.SearchByDate(initialDate=2017-04-15T00:00, finalDate=2017-05-15T23:59) - end [HTTP 401] - UNAUTHORIZED  
{2017/05/22 22:58:06} [Info] PagSeguroTransactionSearchService.SearchByDate(initialDate=2017-04-15T00:00, finalDate=2017-05-15T23:59) - begin 
{2017/05/22 22:58:07} [Error] PagSeguroTransactionSearchService.SearchByDate(initialDate=2017-04-15T00:00, finalDate=2017-05-15T23:59) - end [HTTP 401] - UNAUTHORIZED  
{2017/05/22 22:58:32} [Info] PagSeguroTransactionSearchService.SearchByDate(initialDate=2017-04-15T00:00, finalDate=2017-05-15T23:59) - begin 
{2017/05/22 22:58:32} [Error] PagSeguroTransactionSearchService.SearchByDate(initialDate=2017-04-15T00:00, finalDate=2017-05-15T23:59) - end [HTTP 401] - UNAUTHORIZED  
{2017/05/22 22:58:58} [Info] PagSeguroTransactionSearchService.SearchByDate(initialDate=2017-04-15T00:00, finalDate=2017-05-15T23:59) - begin 
{2017/05/22 22:58:58} [Error] PagSeguroTransactionSearchService.SearchByDate(initialDate=2017-04-15T00:00, finalDate=2017-05-15T23:59) - end [HTTP 401] - UNAUTHORIZED  
{2017/05/26 04:36:43} [Info] PagSeguroTransactionSearchService.SearchByDate(initialDate=2017-05-25T23:36:13, finalDate=2017-05-05T23:36:13) - begin 
{2017/05/26 04:36:44} [Error] PagSeguroTransactionSearchService.SearchByDate(initialDate=2017-05-25T23:36:13, finalDate=2017-05-05T23:36:13) - end [HTTP 401] - UNAUTHORIZED  
{2017/05/26 04:37:10} [Info] PagSeguroTransactionSearchService.SearchByDate(initialDate=2017-05-25T23:36:13, finalDate=2017-05-05T23:36:13) - begin 
{2017/05/26 04:37:10} [Error] PagSeguroTransactionSearchService.SearchByDate(initialDate=2017-05-25T23:36:13, finalDate=2017-05-05T23:36:13) - end [HTTP 400] - BAD_REQUEST 0 [13007] - initialDate must be lower than or equal finalDate. 
{2017/05/26 04:37:36} [Info] PagSeguroTransactionSearchService.SearchByDate(initialDate=2017-05-05T23:36:13, finalDate=2017-05-25T23:36:13) - begin 
{2017/05/26 04:37:37} [Info] PagSeguroTransactionSearchService.SearchByDate(initialDate=2017-05-05T23:36:13, finalDate=2017-05-25T23:36:13) - end PagSeguroSearchResult: array (
  'Date' => '2017-05-25T23:37:37.000-03:00',
  'CurrentPage' => '1',
  'TotalPages' => '1',
  'Results in this page' => '1',
) 
{2017/05/26 04:49:58} [Info] PagSeguroTransactionSearchService.SearchByDate(initialDate=2017-05-05T23:36:13, finalDate=2017-05-25T23:36:13) - begin 
{2017/05/26 04:49:59} [Info] PagSeguroTransactionSearchService.SearchByDate(initialDate=2017-05-05T23:36:13, finalDate=2017-05-25T23:36:13) - end PagSeguroSearchResult: array (
  'Date' => '2017-05-25T23:49:59.000-03:00',
  'CurrentPage' => '1',
  'TotalPages' => '1',
  'Results in this page' => '1',
) 
{2017/05/26 04:53:20} [Info] PagSeguroTransactionSearchService.SearchByDate(initialDate=2017-05-05T23:36:13, finalDate=2017-05-25T23:36:13) - begin 
{2017/05/26 04:53:21} [Info] PagSeguroTransactionSearchService.SearchByDate(initialDate=2017-05-05T23:36:13, finalDate=2017-05-25T23:36:13) - end PagSeguroSearchResult: array (
  'Date' => '2017-05-25T23:53:21.000-03:00',
  'CurrentPage' => '1',
  'TotalPages' => '1',
  'Results in this page' => '1',
) 
